SF:lib\database\app.database.g.dart
DA:29,1
DA:49,0
DA:68,0
DA:69,0
DA:70,0
DA:71,0
DA:72,0
DA:73,0
DA:74,0
DA:76,0
DA:77,0
DA:97,0
DA:98,0
DA:99,0
DA:100,0
DA:101,0
DA:102,0
DA:103,0
DA:104,0
DA:105,0
DA:106,0
DA:107,0
DA:108,0
DA:110,0
DA:111,0
DA:112,0
DA:113,0
DA:115,0
DA:116,0
DA:117,0
DA:121,0
DA:140,0
DA:141,0
DA:142,0
DA:143,0
DA:144,0
DA:145,0
DA:146,0
DA:147,0
DA:148,0
DA:149,0
DA:150,0
DA:151,0
DA:152,0
DA:153,0
DA:154,0
DA:155,0
DA:157,0
DA:158,0
DA:159,0
DA:163,1
DA:165,1
DA:166,2
DA:167,4
DA:169,2
DA:170,4
DA:172,2
DA:173,4
DA:175,2
DA:176,1
DA:177,1
DA:178,4
DA:180,2
DA:181,4
DA:183,2
DA:184,4
DA:186,2
DA:187,4
DA:189,2
DA:190,4
DA:192,2
DA:193,1
DA:194,5
DA:196,2
DA:197,4
DA:199,2
DA:200,4
DA:202,2
DA:203,1
DA:204,3
DA:206,2
DA:207,1
DA:208,3
DA:210,2
DA:211,4
DA:213,2
DA:214,4
DA:216,2
DA:217,1
DA:218,3
DA:220,2
DA:221,4
DA:223,2
DA:224,4
DA:229,0
DA:231,0
DA:232,0
DA:233,0
DA:234,0
DA:235,0
DA:236,0
DA:237,0
DA:238,0
DA:239,0
DA:240,0
DA:241,0
DA:242,0
DA:243,0
DA:244,0
DA:245,0
DA:246,0
DA:247,0
DA:248,0
DA:249,0
DA:250,0
DA:251,0
DA:252,0
DA:260,2
DA:263,2
DA:264,1
DA:268,2
DA:269,1
DA:271,1
DA:277,1
DA:278,2
DA:284,2
DA:285,1
DA:287,2
DA:291,2
DA:292,1
DA:297,2
DA:298,1
DA:303,2
DA:304,1
DA:308,2
DA:309,1
DA:313,1
DA:314,2
DA:316,2
DA:319,2
DA:320,1
DA:324,2
DA:325,1
DA:330,1
DA:331,2
DA:336,1
DA:337,2
DA:341,2
DA:342,1
DA:346,2
DA:347,1
DA:352,1
DA:353,1
DA:354,1
DA:359,1
DA:360,2
DA:366,4
DA:367,2
DA:370,2
DA:371,1
DA:372,1
DA:373,1
DA:374,1
DA:375,1
DA:376,1
DA:377,1
DA:378,1
DA:379,1
DA:380,1
DA:381,1
DA:382,1
DA:383,1
DA:384,1
DA:385,1
DA:386,1
DA:387,1
DA:388,1
DA:389,1
DA:390,1
DA:392,2
DA:393,2
DA:394,1
DA:396,1
DA:399,1
DA:400,1
DA:401,1
DA:402,6
DA:404,1
DA:405,2
DA:406,4
DA:408,0
DA:410,1
DA:411,1
DA:412,1
DA:413,2
DA:414,2
DA:416,2
DA:417,1
DA:418,1
DA:419,1
DA:420,2
DA:421,2
DA:423,0
DA:425,1
DA:426,1
DA:427,1
DA:428,2
DA:429,2
DA:431,1
DA:432,1
DA:433,1
DA:434,2
DA:435,2
DA:437,0
DA:439,1
DA:440,1
DA:441,1
DA:442,2
DA:443,2
DA:445,0
DA:447,2
DA:448,1
DA:449,1
DA:450,1
DA:451,2
DA:452,2
DA:454,0
DA:456,1
DA:457,2
DA:458,4
DA:460,1
DA:461,1
DA:462,1
DA:463,2
DA:464,2
DA:466,1
DA:467,1
DA:468,1
DA:469,2
DA:470,2
DA:472,1
DA:473,1
DA:474,5
DA:476,1
DA:477,1
DA:478,1
DA:479,2
DA:480,2
DA:482,1
DA:483,1
DA:484,1
DA:485,2
DA:486,1
DA:487,1
DA:489,0
DA:491,1
DA:492,1
DA:493,1
DA:494,2
DA:495,2
DA:497,1
DA:498,2
DA:499,4
DA:504,1
DA:505,1
DA:506,0
DA:508,0
DA:509,0
DA:511,0
DA:513,0
DA:515,0
DA:517,0
DA:519,0
DA:521,0
DA:523,0
DA:525,0
DA:526,0
DA:527,0
DA:529,0
DA:530,0
DA:531,0
DA:533,0
DA:534,0
DA:535,0
DA:536,0
DA:537,0
DA:538,0
DA:539,0
DA:541,0
DA:543,0
DA:547,1
DA:549,2
DA:552,2
DA:554,2
DA:565,1
DA:573,0
DA:580,0
DA:581,0
DA:582,0
DA:583,0
DA:591,0
DA:592,0
DA:593,0
DA:594,0
DA:595,0
DA:596,0
DA:598,0
DA:602,0
DA:609,0
DA:610,0
DA:611,0
DA:612,0
DA:613,0
DA:614,0
DA:616,0
DA:620,1
DA:622,1
DA:623,2
DA:624,4
DA:626,2
DA:627,4
DA:629,2
DA:630,4
DA:632,2
DA:633,1
DA:634,5
DA:636,2
DA:637,0
DA:639,2
DA:640,1
DA:641,3
DA:646,0
DA:648,0
DA:649,0
DA:650,0
DA:651,0
DA:652,0
DA:653,0
DA:654,0
DA:655,0
DA:656,0
DA:665,2
DA:669,4
DA:670,2
DA:674,4
DA:675,2
DA:679,4
DA:680,2
DA:684,2
DA:685,4
DA:687,4
DA:691,2
DA:692,4
DA:697,2
DA:698,4
DA:700,2
DA:701,2
DA:702,2
DA:703,2
DA:704,2
DA:705,2
DA:706,2
DA:707,2
DA:709,2
DA:710,2
DA:711,2
DA:713,1
DA:716,1
DA:717,1
DA:718,1
DA:719,1
DA:720,1
DA:721,2
DA:722,2
DA:724,1
DA:725,2
DA:726,4
DA:728,1
DA:729,2
DA:730,4
DA:732,0
DA:734,2
DA:735,1
DA:736,0
DA:737,0
DA:738,0
DA:739,0
DA:741,1
DA:742,1
DA:743,1
DA:744,2
DA:745,2
DA:747,0
DA:752,2
DA:753,2
DA:754,1
DA:756,1
DA:757,1
DA:758,1
DA:759,2
DA:761,3
DA:763,3
DA:764,2
DA:765,3
DA:766,1
DA:767,2
DA:771,2
DA:773,4
DA:776,4
DA:786,1
DA:793,0
DA:799,0
DA:800,0
DA:801,0
DA:802,0
DA:803,0
DA:810,0
DA:811,0
DA:812,0
DA:813,0
DA:814,0
DA:815,0
DA:819,0
DA:825,0
DA:826,0
DA:827,0
DA:828,0
DA:829,0
DA:830,0
DA:834,1
DA:836,1
DA:837,2
DA:838,4
DA:840,2
DA:841,4
DA:843,2
DA:844,4
DA:846,2
DA:847,4
DA:849,2
DA:850,4
DA:855,0
DA:857,0
DA:858,0
DA:859,0
DA:860,0
DA:861,0
DA:862,0
DA:863,0
DA:864,0
DA:873,2
DA:876,4
DA:877,2
DA:882,4
DA:883,2
DA:887,4
DA:888,2
DA:892,4
DA:893,2
DA:897,4
DA:898,2
DA:900,2
DA:902,12
DA:903,2
DA:904,2
DA:905,2
DA:907,1
DA:910,1
DA:911,1
DA:912,1
DA:913,6
DA:915,1
DA:916,1
DA:917,1
DA:918,2
DA:919,2
DA:921,0
DA:923,1
DA:924,2
DA:925,4
DA:927,0
DA:929,1
DA:930,1
DA:931,5
DA:933,0
DA:935,1
DA:936,2
DA:937,4
DA:939,0
DA:944,2
DA:945,2
DA:946,1
DA:948,0
DA:949,1
DA:951,3
DA:952,1
DA:953,2
DA:955,3
DA:957,3
DA:959,3
DA:963,2
DA:965,4
DA:974,1
DA:980,0
DA:985,0
DA:986,0
DA:987,0
DA:988,0
DA:994,0
DA:995,0
DA:996,0
DA:997,0
DA:998,0
DA:1002,0
DA:1007,0
DA:1008,0
DA:1009,0
DA:1010,0
DA:1011,0
DA:1015,1
DA:1017,1
DA:1018,2
DA:1019,4
DA:1021,2
DA:1022,4
DA:1024,2
DA:1025,4
DA:1027,2
DA:1028,4
DA:1033,0
DA:1035,0
DA:1036,0
DA:1037,0
DA:1038,0
DA:1039,0
DA:1040,0
DA:1041,0
DA:1050,2
DA:1053,4
DA:1054,2
DA:1058,4
DA:1059,2
DA:1063,4
DA:1064,2
DA:1068,4
DA:1069,2
DA:1071,2
DA:1072,10
DA:1073,2
DA:1074,2
DA:1075,2
DA:1077,1
DA:1080,1
DA:1081,1
DA:1082,1
DA:1083,6
DA:1085,1
DA:1086,2
DA:1087,4
DA:1089,0
DA:1091,1
DA:1092,2
DA:1093,4
DA:1095,0
DA:1097,1
DA:1098,2
DA:1099,4
DA:1101,0
DA:1106,2
DA:1107,2
DA:1108,1
DA:1110,1
DA:1111,1
DA:1113,3
DA:1115,3
DA:1117,3
DA:1119,3
DA:1123,2
DA:1125,4
DA:1138,0
DA:1148,0
DA:1157,0
DA:1158,0
DA:1159,0
DA:1160,0
DA:1161,0
DA:1162,0
DA:1163,0
DA:1164,0
DA:1174,0
DA:1175,0
DA:1176,0
DA:1177,0
DA:1178,0
DA:1179,0
DA:1180,0
DA:1181,0
DA:1182,0
DA:1186,0
DA:1195,0
DA:1196,0
DA:1197,0
DA:1198,0
DA:1199,0
DA:1200,0
DA:1201,0
DA:1202,0
DA:1203,0
DA:1207,0
DA:1209,0
DA:1210,0
DA:1211,0
DA:1213,0
DA:1214,0
DA:1216,0
DA:1217,0
DA:1219,0
DA:1220,0
DA:1222,0
DA:1223,0
DA:1224,0
DA:1225,0
DA:1227,0
DA:1228,0
DA:1230,0
DA:1231,0
DA:1233,0
DA:1234,0
DA:1239,0
DA:1241,0
DA:1242,0
DA:1243,0
DA:1244,0
DA:1245,0
DA:1246,0
DA:1247,0
DA:1248,0
DA:1249,0
DA:1250,0
DA:1251,0
DA:1260,2
DA:1263,4
DA:1264,2
DA:1268,4
DA:1269,2
DA:1273,4
DA:1274,2
DA:1279,4
DA:1280,2
DA:1286,4
DA:1287,2
DA:1289,2
DA:1290,2
DA:1293,4
DA:1294,2
DA:1298,4
DA:1299,2
DA:1303,4
DA:1304,2
DA:1306,2
DA:1308,18
DA:1309,2
DA:1310,2
DA:1311,1
DA:1313,0
DA:1316,0
DA:1317,0
DA:1318,0
DA:1319,0
DA:1321,0
DA:1322,0
DA:1323,0
DA:1325,0
DA:1327,0
DA:1328,0
DA:1329,0
DA:1331,0
DA:1333,0
DA:1334,0
DA:1335,0
DA:1336,0
DA:1337,0
DA:1339,0
DA:1341,0
DA:1342,0
DA:1343,0
DA:1344,0
DA:1346,0
DA:1348,0
DA:1349,0
DA:1350,0
DA:1352,0
DA:1354,0
DA:1355,0
DA:1356,0
DA:1358,0
DA:1363,2
DA:1364,2
DA:1365,0
DA:1367,0
DA:1368,0
DA:1370,0
DA:1372,0
DA:1374,0
DA:1376,0
DA:1377,0
DA:1378,0
DA:1379,0
DA:1381,0
DA:1383,0
DA:1385,0
DA:1389,1
DA:1391,2
DA:1394,4
DA:1403,0
DA:1405,0
DA:1407,0
DA:1409,0
DA:1410,0
DA:1411,0
DA:1413,0
DA:1416,0
DA:1418,0
DA:1419,0
DA:1420,0
DA:1421,0
DA:1425,0
DA:1426,0
DA:1427,0
DA:1428,0
DA:1429,0
DA:1433,0
DA:1435,0
DA:1436,0
DA:1437,0
DA:1438,0
DA:1439,0
DA:1442,0
DA:1444,0
DA:1445,0
DA:1446,0
DA:1447,0
DA:1448,0
DA:1452,0
DA:1453,0
DA:1454,0
DA:1455,0
DA:1456,0
DA:1458,0
DA:1460,0
DA:1461,0
DA:1462,0
DA:1463,0
DA:1464,0
DA:1465,0
DA:1468,0
DA:1469,0
DA:1470,0
DA:1473,0
DA:1474,0
DA:1475,0
DA:1476,0
DA:1483,0
DA:1488,0
DA:1492,0
DA:1493,0
DA:1494,0
DA:1499,0
DA:1500,0
DA:1501,0
DA:1502,0
DA:1506,0
DA:1508,0
DA:1509,0
DA:1510,0
DA:1511,0
DA:1515,0
DA:1517,0
DA:1518,0
DA:1519,0
DA:1521,0
DA:1522,0
DA:1524,0
DA:1525,0
DA:1530,0
DA:1532,0
DA:1533,0
DA:1534,0
DA:1535,0
DA:1536,0
DA:1537,0
DA:1546,2
DA:1549,4
DA:1550,2
DA:1555,4
DA:1556,2
DA:1560,4
DA:1561,2
DA:1563,2
DA:1564,8
DA:1565,2
DA:1566,2
DA:1567,1
DA:1569,0
DA:1572,0
DA:1573,0
DA:1574,0
DA:1575,0
DA:1577,0
DA:1578,0
DA:1579,0
DA:1580,0
DA:1581,0
DA:1583,0
DA:1585,0
DA:1586,0
DA:1587,0
DA:1589,0
DA:1594,2
DA:1595,2
DA:1596,0
DA:1598,0
DA:1599,0
DA:1602,1
DA:1604,2
DA:1612,0
DA:1614,0
DA:1616,0
DA:1618,0
DA:1619,0
DA:1620,0
DA:1622,0
DA:1625,0
DA:1627,0
DA:1628,0
DA:1629,0
DA:1630,0
DA:1634,0
DA:1635,0
DA:1636,0
DA:1637,0
DA:1638,0
DA:1642,0
DA:1644,0
DA:1645,0
DA:1646,0
DA:1647,0
DA:1648,0
DA:1651,0
DA:1653,0
DA:1654,0
DA:1655,0
DA:1656,0
DA:1657,0
DA:1661,0
DA:1662,0
DA:1663,0
DA:1664,0
DA:1665,0
DA:1667,0
DA:1669,0
DA:1670,0
DA:1671,0
DA:1672,0
DA:1673,0
DA:1674,0
DA:1677,0
DA:1678,0
DA:1679,0
DA:1682,0
DA:1683,0
DA:1684,0
DA:1685,0
DA:1692,0
DA:1697,0
DA:1701,0
DA:1702,0
DA:1703,0
DA:1708,0
DA:1709,0
DA:1710,0
DA:1711,0
DA:1715,0
DA:1717,0
DA:1718,0
DA:1719,0
DA:1720,0
DA:1724,0
DA:1726,0
DA:1727,0
DA:1728,0
DA:1730,0
DA:1731,0
DA:1733,0
DA:1734,0
DA:1739,0
DA:1741,0
DA:1742,0
DA:1743,0
DA:1744,0
DA:1745,0
DA:1746,0
DA:1755,2
DA:1758,4
DA:1759,2
DA:1764,4
DA:1765,2
DA:1769,4
DA:1770,2
DA:1772,2
DA:1773,8
DA:1774,2
DA:1775,2
DA:1776,1
DA:1778,0
DA:1781,0
DA:1782,0
DA:1783,0
DA:1784,0
DA:1786,0
DA:1787,0
DA:1788,0
DA:1789,0
DA:1790,0
DA:1792,0
DA:1794,0
DA:1795,0
DA:1796,0
DA:1798,0
DA:1803,2
DA:1804,2
DA:1805,0
DA:1807,0
DA:1808,0
DA:1811,1
DA:1813,2
DA:1826,1
DA:1835,1
DA:1838,1
DA:1840,3
DA:1842,3
DA:1844,3
DA:1846,3
DA:1847,2
DA:1848,3
DA:1849,2
DA:1850,1
DA:1851,2
DA:1853,3
DA:1855,3
DA:1858,1
DA:1860,1
DA:1861,3
DA:1862,3
DA:1863,1
DA:1864,3
DA:1866,1
DA:1867,3
DA:1870,1
DA:1871,4
DA:1874,1
DA:1875,1
DA:1876,3
DA:1878,3
DA:1879,1
DA:1880,0
DA:1885,0
DA:1886,0
DA:1887,0
DA:1888,0
DA:1889,0
DA:1891,0
DA:1893,0
DA:1894,0
DA:1895,0
DA:1896,0
DA:1897,0
DA:1899,0
DA:1903,0
DA:1905,0
DA:1906,0
DA:1907,0
DA:1908,0
DA:1909,0
DA:1910,0
DA:1911,0
DA:1913,0
DA:1914,0
DA:1915,0
DA:1918,0
DA:1920,0
DA:1921,0
DA:1922,0
DA:1923,0
DA:1924,0
DA:1925,0
DA:1926,0
DA:1927,0
DA:1928,0
DA:1929,0
DA:1933,0
DA:1942,0
DA:1943,0
DA:1944,0
DA:1945,0
DA:1946,0
DA:1947,0
DA:1948,0
DA:1949,0
DA:1950,0
DA:1952,0
DA:1954,0
DA:1955,0
DA:1956,0
DA:1957,0
DA:1958,0
DA:1959,0
DA:1960,0
DA:1961,0
DA:1962,0
DA:1963,0
DA:1964,0
DA:1967,0
DA:1968,0
DA:1969,0
DA:1970,0
DA:1973,0
DA:1974,0
DA:1975,0
DA:1976,0
DA:1977,0
DA:1978,0
DA:1979,0
DA:1980,0
DA:1981,0
DA:1993,1
DA:2003,0
DA:2012,0
DA:2013,0
DA:2014,0
DA:2015,0
DA:2016,0
DA:2017,0
DA:2027,0
DA:2028,0
DA:2029,0
DA:2030,0
DA:2031,0
DA:2032,0
DA:2033,0
DA:2034,0
DA:2035,0
DA:2039,0
DA:2048,0
DA:2049,0
DA:2050,0
DA:2051,0
DA:2052,0
DA:2053,0
DA:2054,0
DA:2055,0
DA:2056,0
DA:2060,1
DA:2062,1
DA:2063,2
DA:2064,0
DA:2066,2
DA:2067,0
DA:2069,2
DA:2070,0
DA:2072,2
DA:2073,0
DA:2075,2
DA:2076,0
DA:2077,0
DA:2079,2
DA:2080,1
DA:2081,1
DA:2082,4
DA:2084,2
DA:2085,0
DA:2087,2
DA:2088,0
DA:2093,0
DA:2095,0
DA:2096,0
DA:2097,0
DA:2098,0
DA:2099,0
DA:2100,0
DA:2101,0
DA:2102,0
DA:2103,0
DA:2104,0
DA:2105,0
DA:2114,2
DA:2117,4
DA:2118,2
DA:2122,4
DA:2123,2
DA:2128,4
DA:2129,2
DA:2133,4
DA:2134,2
DA:2138,2
DA:2139,4
DA:2141,4
DA:2146,4
DA:2147,2
DA:2149,2
DA:2150,2
DA:2154,2
DA:2155,4
DA:2160,2
DA:2161,4
DA:2163,2
DA:2164,2
DA:2165,2
DA:2166,2
DA:2167,2
DA:2168,2
DA:2169,2
DA:2170,2
DA:2171,2
DA:2172,2
DA:2174,2
DA:2175,2
DA:2176,2
DA:2178,1
DA:2181,1
DA:2182,1
DA:2183,1
DA:2184,6
DA:2186,0
DA:2188,1
DA:2189,2
DA:2190,4
DA:2192,0
DA:2194,1
DA:2195,1
DA:2196,1
DA:2197,2
DA:2198,2
DA:2200,1
DA:2201,1
DA:2202,5
DA:2204,2
DA:2205,2
DA:2206,1
DA:2207,1
DA:2208,1
DA:2209,2
DA:2210,2
DA:2212,0
DA:2214,1
DA:2215,0
DA:2216,0
DA:2217,0
DA:2218,0
DA:2223,2
DA:2224,4
DA:2225,1
DA:2227,1
DA:2228,0
DA:2231,2
DA:2233,4
DA:2236,4
DA:2238,4
DA:2251,0
DA:2261,0
DA:2270,0
DA:2271,0
DA:2272,0
DA:2273,0
DA:2274,0
DA:2275,0
DA:2285,0
DA:2286,0
DA:2287,0
DA:2288,0
DA:2289,0
DA:2290,0
DA:2292,0
DA:2293,0
DA:2294,0
DA:2298,0
DA:2307,0
DA:2308,0
DA:2309,0
DA:2310,0
DA:2311,0
DA:2312,0
DA:2313,0
DA:2314,0
DA:2315,0
DA:2319,0
DA:2321,0
DA:2322,0
DA:2323,0
DA:2325,0
DA:2326,0
DA:2328,0
DA:2329,0
DA:2331,0
DA:2332,0
DA:2334,0
DA:2335,0
DA:2337,0
DA:2338,0
DA:2340,0
DA:2341,0
DA:2343,0
DA:2344,0
DA:2349,0
DA:2351,0
DA:2352,0
DA:2353,0
DA:2354,0
DA:2355,0
DA:2356,0
DA:2357,0
DA:2358,0
DA:2359,0
DA:2360,0
DA:2361,0
DA:2370,2
DA:2373,4
DA:2374,2
DA:2378,4
DA:2379,2
DA:2383,4
DA:2384,2
DA:2389,4
DA:2390,2
DA:2394,4
DA:2395,2
DA:2400,4
DA:2401,2
DA:2406,2
DA:2407,4
DA:2414,4
DA:2415,2
DA:2419,2
DA:2420,2
DA:2421,2
DA:2422,2
DA:2423,2
DA:2424,2
DA:2425,2
DA:2426,2
DA:2427,2
DA:2428,2
DA:2430,2
DA:2431,2
DA:2432,1
DA:2434,0
DA:2437,0
DA:2438,0
DA:2439,0
DA:2440,0
DA:2441,0
DA:2442,0
DA:2443,0
DA:2445,0
DA:2447,0
DA:2448,0
DA:2449,0
DA:2451,0
DA:2453,0
DA:2454,0
DA:2455,0
DA:2457,0
DA:2459,0
DA:2460,0
DA:2461,0
DA:2462,0
DA:2463,0
DA:2465,0
DA:2466,0
DA:2467,0
DA:2469,0
DA:2470,0
DA:2471,0
DA:2472,0
DA:2473,0
DA:2475,0
DA:2477,0
DA:2478,0
DA:2479,0
DA:2480,0
DA:2481,0
DA:2483,0
DA:2484,0
DA:2485,0
DA:2486,0
DA:2487,0
DA:2489,0
DA:2494,2
DA:2495,6
DA:2496,0
DA:2498,0
DA:2499,0
DA:2501,0
DA:2503,0
DA:2505,0
DA:2507,0
DA:2509,0
DA:2511,0
DA:2512,0
DA:2513,0
DA:2514,0
DA:2515,0
DA:2519,1
DA:2521,2
DA:2528,0
DA:2532,0
DA:2535,0
DA:2536,0
DA:2537,0
DA:2541,0
DA:2542,0
DA:2543,0
DA:2547,0
DA:2549,0
DA:2550,0
DA:2551,0
DA:2555,0
DA:2557,0
DA:2558,0
DA:2559,0
DA:2561,0
DA:2562,0
DA:2567,0
DA:2569,0
DA:2570,0
DA:2571,0
DA:2572,0
DA:2573,0
DA:2582,2
DA:2585,2
DA:2586,1
DA:2590,2
DA:2591,1
DA:2593,1
DA:2594,3
DA:2595,1
DA:2596,1
DA:2597,0
DA:2599,0
DA:2602,0
DA:2603,0
DA:2604,0
DA:2605,0
DA:2606,0
DA:2607,0
DA:2608,0
DA:2610,0
DA:2612,0
DA:2613,0
DA:2614,0
DA:2616,0
DA:2621,1
DA:2622,2
DA:2623,0
DA:2625,0
DA:2626,0
DA:2628,0
DA:2630,0
DA:2634,0
DA:2636,0
DA:2646,1
DA:2653,0
DA:2659,0
DA:2660,0
DA:2661,0
DA:2662,0
DA:2663,0
DA:2664,0
DA:2671,0
DA:2672,0
DA:2673,0
DA:2674,0
DA:2675,0
DA:2676,0
DA:2680,0
DA:2686,0
DA:2687,0
DA:2688,0
DA:2689,0
DA:2690,0
DA:2691,0
DA:2695,1
DA:2697,1
DA:2698,2
DA:2699,4
DA:2701,2
DA:2702,4
DA:2704,2
DA:2705,4
DA:2707,2
DA:2708,4
DA:2710,2
DA:2711,4
DA:2716,0
DA:2718,0
DA:2719,0
DA:2720,0
DA:2721,0
DA:2722,0
DA:2723,0
DA:2724,0
DA:2725,0
DA:2734,2
DA:2737,4
DA:2738,2
DA:2743,4
DA:2744,2
DA:2748,4
DA:2749,2
DA:2753,4
DA:2754,2
DA:2758,4
DA:2759,2
DA:2761,2
DA:2763,12
DA:2764,2
DA:2765,2
DA:2766,1
DA:2768,1
DA:2771,1
DA:2772,1
DA:2773,1
DA:2774,2
DA:2775,4
DA:2777,0
DA:2779,1
DA:2780,1
DA:2781,1
DA:2782,2
DA:2783,2
DA:2785,0
DA:2787,1
DA:2788,2
DA:2789,4
DA:2791,0
DA:2793,1
DA:2794,2
DA:2795,4
DA:2797,0
DA:2799,1
DA:2800,1
DA:2801,5
DA:2803,0
DA:2808,2
DA:2809,6
DA:2810,1
DA:2812,1
DA:2813,1
DA:2815,3
DA:2817,3
DA:2819,3
DA:2821,3
DA:2822,1
DA:2823,2
DA:2827,1
DA:2829,2
DA:2836,1
DA:2840,0
DA:2843,0
DA:2844,0
DA:2845,0
DA:2849,0
DA:2850,0
DA:2851,0
DA:2855,0
DA:2857,0
DA:2858,0
DA:2859,0
DA:2863,1
DA:2865,1
DA:2866,2
DA:2867,4
DA:2869,2
DA:2870,4
DA:2875,0
DA:2877,0
DA:2878,0
DA:2879,0
DA:2880,0
DA:2881,0
DA:2890,2
DA:2894,4
DA:2895,2
DA:2900,4
DA:2901,2
DA:2903,2
DA:2904,6
DA:2905,2
DA:2906,2
DA:2907,1
DA:2909,1
DA:2912,1
DA:2913,1
DA:2914,1
DA:2915,1
DA:2916,1
DA:2917,2
DA:2918,2
DA:2920,0
DA:2922,1
DA:2923,1
DA:2924,1
DA:2925,2
DA:2926,2
DA:2928,0
DA:2933,2
DA:2934,4
DA:2935,1
DA:2937,1
DA:2938,1
DA:2939,1
DA:2940,2
DA:2941,1
DA:2942,2
DA:2946,1
DA:2948,2
DA:2953,4
DA:2954,0
DA:2955,4
DA:2956,4
DA:2957,4
DA:2958,4
DA:2959,2
DA:2960,2
DA:2961,2
DA:2962,2
DA:2963,2
DA:2964,2
DA:2965,2
DA:2966,2
DA:2967,2
DA:2968,2
DA:2969,2
DA:2970,2
DA:2971,2
DA:2972,2
DA:2973,2
DA:2974,2
DA:2979,1
DA:2980,1
DA:2981,2
DA:2982,1
DA:2983,1
DA:2984,2
DA:2987,2
DA:2991,1
DA:2992,1
DA:2993,1
DA:2994,1
DA:2995,1
DA:2996,2
DA:2997,2
DA:2998,2
DA:2999,2
DA:3000,2
DA:3001,2
DA:3002,2
DA:3003,2
DA:3004,2
DA:3005,2
DA:3006,2
DA:3007,2
DA:3008,2
DA:3009,2
DA:3010,2
LF:1575
LH:744
end_of_record
SF:lib\database\app.database.dart
DA:82,0
DA:84,4
DA:86,0
DA:88,1
DA:91,2
DA:92,3
DA:93,1
DA:94,1
DA:95,3
DA:98,1
DA:99,0
DA:101,1
DA:102,0
DA:105,1
DA:106,0
DA:109,1
DA:110,0
DA:113,1
DA:114,0
DA:117,1
DA:118,0
DA:121,1
DA:122,0
DA:125,1
DA:126,0
DA:129,1
DA:130,0
DA:133,1
DA:134,0
DA:137,1
DA:138,0
DA:141,1
DA:142,0
DA:145,1
DA:146,0
DA:147,0
DA:148,0
DA:153,1
DA:154,0
DA:157,1
DA:158,4
DA:161,1
DA:162,4
DA:163,4
DA:166,1
DA:167,5
DA:170,1
DA:171,3
DA:172,3
DA:174,5
DA:175,4
DA:177,5
DA:178,4
DA:180,5
DA:181,4
DA:183,5
DA:184,4
DA:186,5
DA:187,5
DA:188,4
DA:190,4
DA:196,3
DA:197,2
DA:199,2
DA:200,4
DA:201,4
DA:204,0
DA:205,0
DA:219,0
DA:223,0
DA:224,0
DA:225,0
DA:226,0
DA:227,0
DA:228,0
DA:229,0
DA:230,0
DA:231,0
DA:232,0
DA:233,0
DA:234,0
DA:235,0
LF:82
LH:48
end_of_record
SF:lib\database\daos\arquivo_video.dao.dart
DA:9,0
DA:11,0
DA:12,0
DA:15,0
DA:16,0
DA:19,0
DA:20,0
DA:23,0
DA:24,0
DA:27,0
DA:28,0
DA:31,0
DA:32,0
DA:35,0
DA:36,0
LF:15
LH:0
end_of_record
SF:lib\database\daos\arquivo_video.dao.g.dart
DA:10,0
LF:1
LH:0
end_of_record
SF:lib\database\daos\download_prova.dao.g.dart
DA:10,1
DA:11,2
LF:2
LH:2
end_of_record
SF:lib\database\daos\download_prova.dao.dart
DA:11,2
DA:13,0
DA:14,0
DA:17,1
DA:18,3
DA:21,0
DA:22,0
DA:25,1
DA:26,7
DA:29,1
DA:30,7
DA:33,0
DA:34,0
DA:35,0
DA:38,0
DA:39,0
DA:41,0
DA:44,0
DA:45,0
DA:48,0
DA:49,0
DA:50,0
DA:51,0
DA:53,0
DA:54,0
DA:57,1
DA:58,2
DA:59,1
DA:60,8
DA:62,1
DA:63,1
DA:64,1
LF:32
LH:14
end_of_record
SF:lib\enums\download_status.enum.dart
DA:3,4
LF:1
LH:1
end_of_record
SF:lib\enums\download_tipo.enum.dart
DA:1,5
DA:20,2
LF:2
LH:2
end_of_record
SF:lib\enums\posicionamento_imagem.enum.dart
DA:4,4
DA:26,0
LF:2
LH:1
end_of_record
SF:lib\enums\prova_status.enum.dart
DA:3,4
LF:1
LH:1
end_of_record
SF:lib\enums\tipo_questao.enum.dart
DA:3,4
LF:1
LH:1
end_of_record
SF:lib\models\prova_aluno.model.dart
DA:12,0
DA:17,0
DA:18,0
DA:20,0
DA:22,0
DA:23,0
DA:24,0
DA:25,0
LF:8
LH:0
end_of_record
SF:lib\models\prova_aluno.model.g.dart
DA:9,0
DA:10,0
DA:11,0
DA:14,0
DA:15,0
DA:16,0
DA:17,0
LF:7
LH:0
end_of_record
SF:lib\models\resposta_prova.model.dart
DA:18,0
DA:29,0
DA:30,0
DA:32,0
DA:34,0
DA:37,0
DA:39,0
DA:40,0
DA:41,0
DA:42,0
DA:43,0
DA:44,0
DA:45,0
DA:46,0
DA:47,0
DA:48,0
LF:16
LH:0
end_of_record
SF:lib\models\resposta_prova.model.g.dart
DA:9,0
DA:10,0
DA:11,0
DA:12,0
DA:13,0
DA:14,0
DA:15,0
DA:16,0
DA:17,0
DA:19,0
DA:20,0
DA:23,0
DA:24,0
DA:25,0
DA:26,0
DA:27,0
DA:28,0
DA:29,0
DA:30,0
DA:31,0
DA:32,0
LF:21
LH:0
end_of_record
SF:lib\models\contexto_prova.model.dart
DA:19,0
DA:30,0
DA:31,0
DA:33,0
DA:35,0
DA:38,0
DA:40,0
DA:41,0
DA:42,0
DA:43,0
DA:44,0
DA:45,0
DA:46,0
DA:47,0
DA:48,0
DA:49,0
LF:16
LH:0
end_of_record
SF:lib\models\contexto_prova.model.g.dart
DA:9,0
DA:10,0
DA:11,0
DA:12,0
DA:13,0
DA:14,0
DA:15,0
DA:16,0
DA:17,0
DA:18,0
DA:19,0
DA:22,0
DA:23,0
DA:24,0
DA:25,0
DA:26,0
DA:27,0
DA:29,0
DA:30,0
DA:31,0
DA:32,0
LF:21
LH:0
end_of_record
SF:lib\models\prova.model.dart
DA:37,1
DA:57,0
DA:58,0
DA:61,0
DA:62,0
DA:64,0
DA:66,0
DA:69,1
DA:71,1
DA:72,2
DA:73,2
DA:74,2
DA:75,2
DA:76,2
DA:77,2
DA:78,2
DA:79,2
DA:80,2
DA:81,2
DA:82,2
DA:83,2
DA:84,2
DA:85,2
DA:86,2
DA:87,2
DA:88,2
DA:89,2
DA:90,1
LF:28
LH:22
end_of_record
SF:lib\models\prova.model.g.dart
DA:9,0
DA:10,0
DA:11,0
DA:12,0
DA:13,0
DA:14,0
DA:16,0
DA:17,0
DA:18,0
DA:19,0
DA:20,0
DA:21,0
DA:23,0
DA:24,0
DA:26,0
DA:27,0
DA:29,0
DA:30,0
DA:32,0
DA:34,0
DA:35,0
DA:36,0
DA:39,0
DA:40,0
DA:41,0
DA:42,0
DA:43,0
DA:44,0
DA:45,0
DA:46,0
DA:47,0
DA:48,0
DA:49,0
DA:50,0
DA:51,0
DA:52,0
DA:53,0
DA:55,0
DA:56,0
DA:57,0
LF:40
LH:0
end_of_record
SF:lib\models\questao.model.dart
DA:18,1
DA:26,0
DA:27,0
DA:29,0
DA:31,0
DA:34,1
DA:36,1
DA:37,2
DA:38,2
DA:39,2
DA:40,2
DA:41,2
DA:42,1
LF:13
LH:9
end_of_record
SF:lib\models\questao.model.g.dart
DA:9,0
DA:10,0
DA:11,0
DA:12,0
DA:13,0
DA:14,0
DA:17,0
DA:18,0
DA:19,0
DA:20,0
DA:21,0
DA:22,0
LF:12
LH:0
end_of_record
SF:lib\models\arquivo.model.dart
DA:15,1
DA:22,0
DA:23,0
DA:25,0
DA:26,0
DA:28,1
DA:30,1
DA:31,2
DA:32,2
DA:33,2
DA:34,2
DA:35,1
LF:12
LH:8
end_of_record
SF:lib\models\arquivo.model.g.dart
DA:9,0
DA:10,0
DA:11,0
DA:12,0
DA:13,0
DA:16,0
DA:17,0
DA:18,0
DA:19,0
DA:20,0
LF:10
LH:0
end_of_record
SF:lib\models\alternativa.model.dart
DA:15,1
DA:23,0
DA:24,0
DA:26,0
DA:28,0
DA:31,1
DA:33,1
DA:34,2
DA:35,2
DA:36,2
DA:37,2
DA:38,2
DA:39,1
LF:13
LH:9
end_of_record
SF:lib\models\alternativa.model.g.dart
DA:9,0
DA:10,0
DA:11,0
DA:12,0
DA:13,0
DA:14,0
DA:17,0
DA:18,0
DA:19,0
DA:20,0
DA:21,0
DA:22,0
DA:23,0
LF:13
LH:0
end_of_record
SF:lib\models\prova_caderno.model.dart
DA:15,1
DA:23,0
DA:24,0
DA:26,0
DA:28,0
DA:31,1
DA:33,1
DA:34,2
DA:35,2
DA:36,2
DA:37,2
DA:38,2
DA:39,1
LF:13
LH:9
end_of_record
SF:lib\models\prova_caderno.model.g.dart
DA:9,0
DA:10,0
DA:11,0
DA:12,0
DA:13,0
DA:14,0
DA:17,0
DA:18,0
DA:19,0
DA:20,0
DA:21,0
DA:22,0
DA:23,0
LF:13
LH:0
end_of_record
SF:lib\models\questao_arquivo.model.dart
DA:12,1
DA:17,0
DA:18,0
DA:20,1
DA:22,1
DA:23,2
DA:24,2
DA:25,1
LF:8
LH:6
end_of_record
SF:lib\models\questao_arquivo.model.g.dart
DA:9,0
DA:10,0
DA:11,0
DA:12,0
DA:15,0
DA:16,0
DA:17,0
DA:18,0
LF:8
LH:0
end_of_record
SF:lib\database\daos\alternativa.dao.dart
DA:10,2
DA:12,0
DA:13,0
DA:16,1
DA:17,3
DA:20,0
DA:21,0
DA:24,1
DA:25,7
DA:28,0
DA:29,0
DA:32,0
DA:33,0
DA:34,0
LF:14
LH:5
end_of_record
SF:lib\database\daos\alternativa.dao.g.dart
DA:10,3
LF:1
LH:1
end_of_record
SF:lib\database\daos\arquivo.dao.dart
DA:12,2
DA:14,0
DA:15,0
DA:18,1
DA:19,3
DA:22,0
DA:23,0
DA:30,0
DA:31,0
DA:32,0
DA:34,0
DA:36,0
DA:38,0
DA:39,0
DA:40,0
DA:43,0
DA:44,0
DA:47,0
DA:48,0
DA:49,0
DA:53,1
DA:54,7
DA:57,1
DA:58,4
DA:59,7
DA:60,7
DA:62,8
DA:64,2
DA:66,2
DA:67,2
DA:68,1
LF:31
LH:14
end_of_record
SF:lib\database\daos\arquivo.dao.g.dart
DA:10,3
DA:11,1
DA:12,2
DA:13,1
DA:14,2
LF:5
LH:5
end_of_record
SF:lib\database\daos\arquivo_audio.dao.dart
DA:9,0
DA:11,0
DA:12,0
DA:15,0
DA:16,0
DA:19,0
DA:20,0
DA:23,0
DA:24,0
DA:27,0
DA:28,0
DA:31,0
DA:32,0
DA:35,0
DA:36,0
LF:15
LH:0
end_of_record
SF:lib\database\daos\arquivo_audio.dao.g.dart
DA:10,0
LF:1
LH:0
end_of_record
SF:lib\database\daos\contexto_prova.dao.dart
DA:10,0
DA:12,0
DA:13,0
DA:16,0
DA:17,0
DA:20,0
DA:21,0
DA:24,0
DA:25,0
DA:28,0
DA:29,0
DA:32,0
DA:33,0
DA:35,0
DA:38,0
DA:39,0
DA:40,0
LF:17
LH:0
end_of_record
SF:lib\database\daos\contexto_prova.dao.g.dart
DA:10,0
DA:11,0
LF:2
LH:0
end_of_record
SF:lib\database\daos\prova.dao.dart
DA:15,2
DA:17,0
DA:18,0
DA:21,1
DA:22,3
DA:25,0
DA:26,0
DA:29,0
DA:30,0
DA:32,0
DA:34,0
DA:37,0
DA:38,0
DA:41,0
DA:42,0
DA:45,0
DA:46,0
DA:49,1
DA:50,2
DA:51,2
DA:54,0
DA:55,0
DA:56,0
DA:58,0
DA:59,0
DA:61,0
DA:63,0
DA:64,0
DA:65,0
DA:68,0
DA:69,0
DA:70,0
DA:71,0
DA:73,0
DA:76,1
DA:77,2
DA:78,1
DA:79,3
DA:81,1
DA:82,1
DA:83,1
DA:88,1
DA:89,2
DA:90,1
DA:91,3
DA:93,1
DA:94,1
DA:95,1
DA:100,0
DA:101,0
DA:102,0
DA:103,0
DA:105,0
DA:106,0
DA:107,0
DA:112,0
DA:113,0
DA:114,0
DA:115,0
DA:117,0
DA:118,0
DA:119,0
DA:124,0
DA:125,0
DA:126,0
DA:127,0
DA:129,0
DA:130,0
DA:131,0
DA:136,0
DA:137,0
DA:138,0
DA:139,0
DA:141,0
DA:142,0
DA:143,0
DA:144,0
DA:147,0
DA:150,0
LF:79
LH:20
end_of_record
SF:lib\database\daos\prova.dao.g.dart
DA:10,3
DA:11,0
LF:2
LH:1
end_of_record
SF:lib\database\daos\prova_aluno.dao.g.dart
DA:10,0
LF:1
LH:0
end_of_record
SF:lib\database\daos\prova_aluno.dao.dart
DA:10,0
DA:12,0
DA:13,0
DA:16,0
DA:17,0
DA:20,0
DA:21,0
DA:24,0
DA:25,0
DA:28,0
DA:29,0
DA:32,0
DA:33,0
DA:36,0
DA:37,0
DA:40,0
DA:41,0
DA:42,0
LF:18
LH:0
end_of_record
SF:lib\database\daos\prova_caderno.dao.dart
DA:10,2
DA:12,0
DA:13,0
DA:16,1
DA:17,3
DA:20,0
DA:21,0
DA:24,0
DA:25,0
DA:28,0
DA:29,0
DA:32,0
DA:33,0
DA:34,0
DA:38,0
DA:39,0
DA:40,0
DA:41,0
DA:42,0
DA:45,0
DA:46,0
DA:49,0
DA:50,0
DA:51,0
DA:52,0
DA:54,0
DA:57,0
DA:58,0
DA:59,0
DA:60,0
DA:61,0
DA:63,0
LF:32
LH:3
end_of_record
SF:lib\database\daos\prova_caderno.dao.g.dart
DA:10,1
DA:11,2
LF:2
LH:2
end_of_record
SF:lib\database\daos\questao.dao.dart
DA:12,2
DA:14,0
DA:15,0
DA:18,1
DA:19,3
DA:22,0
DA:23,0
DA:26,0
DA:27,0
DA:30,0
DA:31,0
DA:32,0
DA:35,0
DA:37,0
DA:39,0
DA:40,0
DA:44,1
DA:45,4
DA:46,7
DA:49,8
DA:51,5
DA:53,2
DA:55,2
DA:56,2
DA:57,1
DA:60,1
DA:61,4
DA:62,7
DA:64,4
DA:66,2
DA:68,2
DA:69,2
DA:70,1
DA:73,0
DA:74,0
DA:75,0
DA:78,0
DA:80,0
DA:82,0
DA:83,0
DA:84,0
DA:86,0
DA:89,0
DA:90,0
DA:91,0
DA:94,0
DA:95,0
DA:96,0
DA:98,0
DA:100,0
DA:103,1
DA:104,7
LF:52
LH:22
end_of_record
SF:lib\database\daos\questao.dao.g.dart
DA:10,3
DA:11,0
DA:12,1
DA:13,2
LF:4
LH:3
end_of_record
SF:lib\database\daos\questao_arquivo.dao.dart
DA:10,2
DA:12,0
DA:13,0
DA:16,1
DA:17,3
DA:20,0
DA:21,0
DA:24,0
DA:25,0
DA:28,0
DA:29,0
DA:32,0
DA:33,0
DA:36,0
DA:37,0
DA:38,0
LF:16
LH:3
end_of_record
SF:lib\database\daos\questao_arquivo.dao.g.dart
DA:10,1
DA:11,2
LF:2
LH:2
end_of_record
SF:lib\database\daos\resposta_prova.dao.g.dart
DA:10,0
DA:11,0
LF:2
LH:0
end_of_record
SF:lib\database\daos\resposta_prova.dao.dart
DA:10,0
DA:12,0
DA:13,0
DA:16,0
DA:17,0
DA:20,0
DA:21,0
DA:24,0
DA:25,0
DA:28,0
DA:29,0
DA:32,0
DA:33,0
DA:36,0
DA:37,0
DA:40,0
DA:41,0
DA:42,0
DA:43,0
DA:46,0
DA:47,0
DA:50,0
DA:51,0
DA:52,0
DA:53,0
DA:54,0
DA:55,0
DA:56,0
DA:58,0
DA:59,0
DA:60,0
DA:65,0
DA:66,0
DA:69,0
DA:70,0
DA:73,0
DA:74,0
DA:77,0
DA:78,0
LF:39
LH:0
end_of_record
SF:lib\database\tables\alternativa.table.dart
DA:6,0
DA:7,0
DA:8,0
DA:9,0
DA:10,0
DA:12,0
DA:13,0
LF:7
LH:0
end_of_record
SF:lib\database\tables\arquivo.table.dart
DA:6,0
DA:7,0
DA:8,0
DA:9,0
DA:11,0
DA:12,0
LF:6
LH:0
end_of_record
SF:lib\database\tables\arquivo_audio.table.dart
DA:5,0
DA:6,0
DA:7,0
DA:9,0
DA:10,0
LF:5
LH:0
end_of_record
SF:lib\database\tables\arquivo_video.table.dart
DA:5,0
DA:6,0
DA:7,0
DA:9,0
DA:10,0
LF:5
LH:0
end_of_record
SF:lib\database\tables\contexto_prova.table.dart
DA:7,0
DA:8,0
DA:9,0
DA:10,0
DA:11,0
DA:12,0
DA:13,0
DA:14,0
DA:16,0
DA:17,0
LF:10
LH:0
end_of_record
SF:lib\database\tables\download_prova.table.dart
DA:7,0
DA:9,0
DA:11,0
DA:12,0
DA:14,0
DA:15,0
DA:17,0
DA:18,0
DA:20,0
DA:21,0
LF:10
LH:0
end_of_record
SF:lib\database\tables\prova.table.dart
DA:8,0
DA:9,0
DA:10,0
DA:11,0
DA:12,0
DA:13,0
DA:14,0
DA:15,0
DA:16,0
DA:18,0
DA:19,0
DA:21,0
DA:22,0
DA:24,0
DA:25,0
DA:27,0
DA:28,0
DA:30,0
DA:32,0
DA:33,0
LF:20
LH:0
end_of_record
SF:lib\database\tables\prova_aluno.table.dart
DA:6,0
DA:7,0
DA:9,0
DA:10,0
LF:4
LH:0
end_of_record
SF:lib\database\tables\prova_caderno.table.dart
DA:6,0
DA:7,0
DA:8,0
DA:9,0
DA:10,0
DA:12,0
DA:13,0
LF:7
LH:0
end_of_record
SF:lib\database\tables\questao.table.dart
DA:7,0
DA:8,0
DA:9,0
DA:10,0
DA:11,0
DA:12,0
DA:14,0
DA:15,0
LF:8
LH:0
end_of_record
SF:lib\database\tables\questao_arquivo.table.dart
DA:6,0
DA:7,0
DA:9,0
DA:10,0
LF:4
LH:0
end_of_record
SF:lib\database\tables\resposta_prova.table.dart
DA:6,0
DA:8,0
DA:9,0
DA:11,0
DA:12,0
DA:14,0
DA:15,0
DA:17,0
DA:19,0
DA:20,0
LF:10
LH:0
end_of_record
SF:lib\database\core\mobile.database.dart
DA:17,0
DA:18,0
DA:22,0
DA:23,0
DA:25,0
DA:26,0
DA:28,0
DA:29,0
DA:41,0
DA:48,0
DA:51,0
DA:52,0
DA:53,0
DA:58,0
DA:61,0
LF:15
LH:0
end_of_record
SF:lib\utils\app_config.util.dart
DA:8,0
DA:10,0
DA:11,0
DA:12,0
DA:15,0
DA:16,0
DA:19,0
DA:20,0
DA:23,0
DA:24,0
DA:27,0
DA:28,0
DA:31,0
DA:32,0
DA:35,0
DA:36,0
DA:39,0
DA:40,0
LF:18
LH:0
end_of_record
SF:lib\utils\string.util.dart
DA:6,0
DA:8,0
DA:12,0
DA:13,0
DA:14,0
DA:15,0
DA:19,0
DA:27,0
DA:28,0
DA:31,0
DA:32,0
DA:35,0
DA:36,0
DA:39,0
DA:40,0
DA:43,0
DA:45,0
DA:46,0
DA:49,0
DA:50,0
DA:51,0
DA:52,0
DA:53,0
DA:56,0
DA:57,0
DA:58,0
DA:59,0
DA:60,0
DA:62,0
DA:65,0
DA:67,0
DA:70,0
DA:71,0
DA:124,0
DA:178,0
DA:179,0
DA:185,0
DA:186,0
DA:187,0
DA:190,0
DA:191,0
DA:193,0
DA:196,0
DA:199,0
DA:202,0
DA:208,0
DA:209,0
DA:210,0
DA:211,0
DA:215,0
DA:219,0
DA:222,0
DA:227,0
DA:228,0
DA:230,0
DA:232,0
DA:234,0
DA:236,0
DA:238,0
DA:240,0
DA:242,0
DA:244,0
DA:246,0
LF:63
LH:0
end_of_record
SF:lib\converters\error_converter.dart
DA:10,0
DA:13,0
DA:15,0
DA:17,0
LF:4
LH:0
end_of_record
SF:lib\interfaces\loggable.interface.dart
DA:4,2
DA:6,0
DA:7,0
DA:10,1
DA:11,4
DA:14,0
DA:15,0
DA:18,2
DA:19,8
DA:22,0
DA:23,0
DA:26,1
DA:27,4
DA:30,1
DA:31,4
DA:34,0
DA:35,0
LF:17
LH:9
end_of_record
SF:lib\converters\json_conveter.dart
DA:34,1
DA:36,1
DA:37,3
DA:38,3
DA:41,0
DA:45,1
DA:48,0
DA:49,0
DA:52,1
DA:53,1
DA:54,0
DA:57,1
DA:58,1
DA:63,1
DA:65,1
DA:66,3
DA:70,4
LF:17
LH:13
end_of_record
SF:lib\interceptors\autenticacao.interceptor.dart
DA:19,1
DA:20,2
DA:22,2
DA:23,0
DA:25,0
DA:27,0
DA:30,0
DA:31,0
DA:35,0
DA:36,0
DA:39,0
DA:41,0
DA:42,0
DA:43,0
DA:45,0
DA:46,0
DA:49,0
DA:50,2
DA:51,0
DA:56,0
DA:57,0
DA:59,0
DA:63,0
DA:64,0
DA:66,0
DA:69,0
DA:70,0
DA:71,0
DA:72,0
DA:74,0
DA:75,0
DA:76,0
DA:79,0
DA:82,0
DA:83,0
DA:84,0
DA:90,0
DA:91,0
DA:92,0
DA:93,0
DA:94,0
DA:95,0
DA:100,1
DA:102,1
DA:104,2
DA:105,1
DA:108,3
LF:47
LH:9
end_of_record
SF:lib\services\rest\auth.service.chopper.dart
DA:11,1
DA:13,0
DA:19,1
DA:23,1
DA:24,3
DA:25,1
DA:26,1
DA:29,0
DA:32,0
DA:33,0
DA:34,0
DA:35,0
DA:38,1
DA:41,3
DA:42,2
LF:15
LH:9
end_of_record
SF:lib\services\rest\auth.service.dart
DA:10,2
LF:1
LH:1
end_of_record
SF:lib\dtos\autenticacao.response.dto.g.dart
DA:9,1
DA:11,1
DA:12,1
DA:13,2
DA:14,1
DA:16,0
DA:19,0
DA:21,0
DA:22,0
DA:23,0
DA:24,0
LF:11
LH:5
end_of_record
SF:lib\dtos\autenticacao.response.dto.dart
DA:11,2
DA:14,0
DA:16,0
DA:17,0
DA:19,1
DA:23,7
DA:26,0
DA:27,0
LF:8
LH:3
end_of_record
SF:lib\dtos\autenticacao_dados.response.dto.g.dart
DA:9,1
DA:11,1
DA:12,1
DA:13,1
DA:14,1
DA:15,2
DA:16,2
DA:17,2
DA:18,1
DA:19,1
DA:20,1
DA:21,1
DA:22,1
DA:23,1
DA:24,1
DA:25,1
DA:28,0
DA:30,0
DA:31,0
DA:32,0
DA:33,0
DA:34,0
DA:35,0
DA:36,0
DA:37,0
DA:38,0
DA:39,0
DA:40,0
DA:41,0
DA:42,0
DA:43,0
DA:44,0
LF:32
LH:16
end_of_record
SF:lib\dtos\autenticacao_dados.response.dto.dart
DA:25,2
DA:41,0
DA:43,1
DA:47,1
DA:48,3
DA:49,3
DA:50,3
DA:53,0
DA:54,0
LF:9
LH:6
end_of_record
SF:lib\enums\deficiencia.enum.dart
DA:3,3
DA:58,0
DA:61,0
DA:66,0
LF:4
LH:1
end_of_record
SF:lib\enums\fonte_tipo.enum.dart
DA:4,3
DA:22,0
LF:2
LH:1
end_of_record
SF:lib\enums\modalidade.enum.dart
DA:3,3
DA:45,0
DA:59,0
DA:73,0
LF:4
LH:1
end_of_record
SF:lib\services\api_service.dart
DA:21,0
DA:29,0
DA:31,0
DA:32,0
DA:33,0
DA:34,0
DA:35,0
DA:36,0
DA:37,0
DA:39,0
DA:40,0
DA:41,0
DA:42,0
DA:43,0
DA:44,0
DA:45,0
DA:46,0
DA:47,0
DA:48,0
DA:49,0
DA:50,0
DA:51,0
DA:52,0
DA:53,0
DA:54,0
DA:55,0
DA:56,0
DA:57,0
DA:58,0
DA:60,0
DA:61,0
DA:62,0
DA:71,0
DA:72,0
DA:73,0
DA:74,0
DA:75,0
DA:76,0
DA:77,0
DA:78,0
DA:79,0
DA:80,0
DA:81,0
DA:82,0
DA:83,0
DA:84,0
LF:46
LH:0
end_of_record
SF:lib\services\rest\admin.service.chopper.dart
DA:11,0
DA:13,0
DA:19,0
DA:28,0
DA:36,0
DA:37,0
DA:41,0
DA:44,0
DA:45,0
DA:46,0
DA:50,0
DA:53,0
DA:54,0
DA:55,0
DA:59,0
DA:62,0
DA:63,0
DA:64,0
DA:68,0
DA:71,0
DA:72,0
DA:73,0
LF:22
LH:0
end_of_record
SF:lib\services\rest\admin.service.dart
DA:12,0
LF:1
LH:0
end_of_record
SF:lib\services\rest\auth.admin.service.chopper.dart
DA:11,0
DA:13,0
DA:19,0
DA:23,0
DA:24,0
DA:25,0
DA:26,0
DA:29,0
DA:32,0
DA:33,0
DA:34,0
DA:35,0
LF:12
LH:0
end_of_record
SF:lib\services\rest\auth.admin.service.dart
DA:9,0
LF:1
LH:0
end_of_record
SF:lib\services\rest\download.service.dart
DA:8,0
LF:1
LH:0
end_of_record
SF:lib\services\rest\download.service.chopper.dart
DA:11,0
DA:13,0
DA:19,0
DA:28,0
DA:36,0
DA:37,0
DA:40,0
DA:44,0
DA:50,0
DA:51,0
LF:10
LH:0
end_of_record
SF:lib\services\rest\log.service.dart
DA:7,0
LF:1
LH:0
end_of_record
SF:lib\services\rest\log.service.chopper.dart
DA:11,0
DA:13,0
DA:19,0
DA:27,0
DA:31,0
DA:38,0
DA:39,0
LF:7
LH:0
end_of_record
SF:lib\services\rest\usuario.service.chopper.dart
DA:11,0
DA:13,0
DA:19,0
DA:23,0
DA:27,0
DA:28,0
LF:6
LH:0
end_of_record
SF:lib\services\rest\usuario.service.dart
DA:8,0
LF:1
LH:0
end_of_record
SF:lib\services\rest\prova.service.dart
DA:12,0
LF:1
LH:0
end_of_record
SF:lib\services\rest\prova.service.chopper.dart
DA:11,0
DA:13,0
DA:19,0
DA:22,0
DA:23,0
DA:26,0
DA:29,0
DA:30,0
DA:31,0
DA:32,0
DA:35,0
DA:38,0
DA:39,0
DA:40,0
DA:44,0
DA:46,0
DA:47,0
DA:48,0
DA:51,0
DA:58,0
DA:59,0
DA:65,0
DA:66,0
DA:69,0
DA:72,0
DA:73,0
DA:74,0
DA:78,0
DA:81,0
DA:82,0
LF:30
LH:0
end_of_record
SF:lib\services\rest\questao.service.chopper.dart
DA:11,0
DA:13,0
DA:19,0
DA:21,0
DA:22,0
DA:23,0
DA:26,0
DA:30,0
DA:31,0
DA:32,0
DA:36,0
DA:40,0
DA:41,0
DA:42,0
LF:14
LH:0
end_of_record
SF:lib\services\rest\questao.service.dart
DA:10,0
LF:1
LH:0
end_of_record
SF:lib\services\rest\alternativa.service.dart
DA:8,0
LF:1
LH:0
end_of_record
SF:lib\services\rest\alternativa.service.chopper.dart
DA:11,0
DA:13,0
DA:19,0
DA:22,0
DA:23,0
DA:24,0
DA:25,0
LF:7
LH:0
end_of_record
SF:lib\services\rest\arquivo.service.dart
DA:9,0
LF:1
LH:0
end_of_record
SF:lib\services\rest\arquivo.service.chopper.dart
DA:11,0
DA:13,0
DA:19,0
DA:21,0
DA:22,0
DA:23,0
DA:26,0
DA:28,0
DA:29,0
DA:30,0
DA:33,0
DA:35,0
DA:36,0
DA:37,0
DA:38,0
LF:15
LH:0
end_of_record
SF:lib\services\rest\versao.service.dart
DA:8,0
LF:1
LH:0
end_of_record
SF:lib\services\rest\versao.service.chopper.dart
DA:11,0
DA:13,0
DA:19,0
DA:22,0
DA:23,0
DA:26,0
DA:29,0
DA:30,0
DA:33,0
DA:36,0
DA:37,0
DA:41,0
DA:49,0
DA:53,0
DA:60,0
DA:61,0
LF:16
LH:0
end_of_record
SF:lib\services\rest\questao_resposta.service.chopper.dart
DA:11,0
DA:13,0
DA:19,0
DA:22,0
DA:23,0
DA:24,0
DA:25,0
DA:28,0
DA:32,0
DA:38,0
DA:39,0
LF:11
LH:0
end_of_record
SF:lib\services\rest\questao_resposta.service.dart
DA:9,0
LF:1
LH:0
end_of_record
SF:lib\services\rest\orientacao_inicial.service.dart
DA:9,0
LF:1
LH:0
end_of_record
SF:lib\services\rest\orientacao_inicial.service.chopper.dart
DA:11,0
DA:13,0
DA:19,0
DA:23,0
DA:24,0
LF:5
LH:0
end_of_record
SF:lib\services\rest\contexto_prova.service.chopper.dart
DA:11,0
DA:13,0
DA:19,0
DA:22,0
DA:23,0
DA:24,0
DA:25,0
DA:28,0
DA:31,0
DA:32,0
DA:33,0
LF:11
LH:0
end_of_record
SF:lib\services\rest\contexto_prova.service.dart
DA:9,0
LF:1
LH:0
end_of_record
SF:lib\dtos\error.response.dto.dart
DA:9,0
DA:15,0
DA:17,0
DA:18,0
LF:4
LH:0
end_of_record
SF:lib\dtos\error.response.dto.g.dart
DA:9,0
DA:10,0
DA:12,0
DA:13,0
DA:16,0
DA:17,0
DA:18,0
DA:19,0
LF:8
LH:0
end_of_record
SF:lib\utils\firebase.util.dart
DA:13,0
DA:14,0
DA:19,0
DA:20,0
DA:22,0
DA:24,0
DA:25,0
DA:29,0
DA:30,0
DA:31,0
DA:35,0
DA:40,0
DA:41,0
DA:43,0
DA:44,0
DA:48,0
DA:49,0
DA:50,0
DA:54,0
DA:56,0
DA:64,0
DA:65,0
DA:66,0
DA:68,0
DA:70,0
DA:71,0
DA:75,0
DA:77,0
DA:81,0
DA:82,0
DA:84,0
DA:85,0
DA:89,0
DA:90,0
DA:91,0
DA:92,0
DA:93,0
LF:37
LH:0
end_of_record
SF:lib\dtos\admin_prova_resumo.response.dto.g.dart
DA:9,0
DA:11,0
DA:12,0
DA:13,0
DA:14,0
DA:15,0
DA:16,0
DA:19,0
DA:21,0
DA:22,0
DA:23,0
DA:24,0
DA:25,0
DA:26,0
LF:14
LH:0
end_of_record
SF:lib\dtos\admin_prova_resumo.response.dto.dart
DA:13,0
DA:22,0
LF:2
LH:0
end_of_record
SF:lib\dtos\admin_questao_detalhes.response.dto.g.dart
DA:9,0
DA:11,0
DA:12,0
DA:13,0
DA:15,0
DA:16,0
DA:17,0
DA:18,0
DA:20,0
DA:22,0
DA:25,0
DA:27,0
DA:28,0
DA:29,0
DA:30,0
DA:31,0
DA:32,0
DA:33,0
LF:18
LH:0
end_of_record
SF:lib\dtos\admin_questao_detalhes.response.dto.dart
DA:14,0
DA:24,0
LF:2
LH:0
end_of_record
SF:lib\dtos\alternativa.response.dto.g.dart
DA:9,1
DA:11,1
DA:12,1
DA:13,1
DA:14,1
DA:15,1
DA:16,1
DA:19,0
DA:21,0
DA:22,0
DA:23,0
DA:24,0
DA:25,0
DA:26,0
LF:14
LH:7
end_of_record
SF:lib\dtos\alternativa.response.dto.dart
DA:13,1
DA:22,0
DA:24,0
DA:26,0
LF:4
LH:1
end_of_record
SF:lib\dtos\arquivo.response.dto.g.dart
DA:9,1
DA:10,1
DA:11,1
DA:12,1
DA:13,1
DA:14,1
DA:17,0
DA:18,0
DA:19,0
DA:20,0
DA:21,0
DA:22,0
LF:12
LH:6
end_of_record
SF:lib\dtos\arquivo.response.dto.dart
DA:12,1
DA:20,0
DA:22,0
DA:23,0
LF:4
LH:1
end_of_record
SF:lib\dtos\arquivo_video.response.dto.dart
DA:13,0
DA:22,0
LF:2
LH:0
end_of_record
SF:lib\dtos\arquivo_video.response.dto.g.dart
DA:9,0
DA:11,0
DA:12,0
DA:13,0
DA:14,0
DA:15,0
DA:16,0
DA:19,0
DA:21,0
DA:22,0
DA:23,0
DA:24,0
DA:25,0
DA:26,0
LF:14
LH:0
end_of_record
SF:lib\dtos\autenticacao.dto.dart
DA:10,0
DA:16,0
LF:2
LH:0
end_of_record
SF:lib\dtos\autenticacao.dto.g.dart
DA:9,0
DA:10,0
DA:11,0
DA:12,0
DA:15,0
DA:16,0
DA:17,0
DA:18,0
LF:8
LH:0
end_of_record
SF:lib\dtos\contexto_prova.response.dto.g.dart
DA:9,0
DA:11,0
DA:12,0
DA:13,0
DA:14,0
DA:15,0
DA:16,0
DA:17,0
DA:18,0
DA:19,0
DA:22,0
DA:24,0
DA:25,0
DA:26,0
DA:27,0
DA:29,0
DA:30,0
DA:31,0
DA:32,0
LF:19
LH:0
end_of_record
SF:lib\dtos\contexto_prova.response.dto.dart
DA:16,0
DA:27,0
DA:29,0
DA:31,0
LF:4
LH:0
end_of_record
SF:lib\dtos\listagem_prova.admin.response.dto.dart
DA:12,0
DA:15,0
LF:2
LH:0
end_of_record
SF:lib\dtos\listagem_prova.admin.response.dto.g.dart
DA:9,0
DA:11,0
DA:12,0
DA:13,0
DA:14,0
DA:15,0
DA:16,0
DA:19,0
DA:21,0
DA:22,0
DA:23,0
DA:24,0
LF:12
LH:0
end_of_record
SF:lib\dtos\preferencias_usuario.response.dto.g.dart
DA:9,0
DA:11,0
DA:12,0
DA:13,0
DA:16,0
DA:18,0
DA:19,0
DA:20,0
LF:8
LH:0
end_of_record
SF:lib\dtos\preferencias_usuario.response.dto.dart
DA:11,0
DA:17,0
LF:2
LH:0
end_of_record
SF:lib\dtos\orientacao_inicial.response.dto.dart
DA:14,0
DA:23,0
DA:25,0
DA:27,0
LF:4
LH:0
end_of_record
SF:lib\dtos\orientacao_inicial.response.dto.g.dart
DA:9,0
DA:11,0
DA:12,0
DA:13,0
DA:14,0
DA:15,0
DA:16,0
DA:19,0
DA:21,0
DA:22,0
DA:23,0
DA:24,0
DA:25,0
DA:26,0
LF:14
LH:0
end_of_record
SF:lib\dtos\admin_prova.response.dto.dart
DA:26,0
DA:41,0
LF:2
LH:0
end_of_record
SF:lib\dtos\admin_prova.response.dto.g.dart
DA:9,0
DA:11,0
DA:12,0
DA:13,0
DA:14,0
DA:16,0
DA:17,0
DA:18,0
DA:20,0
DA:21,0
DA:22,0
DA:23,0
DA:24,0
DA:25,0
DA:26,0
DA:29,0
DA:31,0
DA:32,0
DA:33,0
DA:34,0
DA:35,0
DA:36,0
DA:37,0
DA:38,0
DA:39,0
DA:40,0
DA:41,0
DA:42,0
LF:28
LH:0
end_of_record
SF:lib\dtos\prova.response.dto.g.dart
DA:9,1
DA:10,1
DA:11,1
DA:12,1
DA:13,1
DA:14,2
DA:15,2
DA:16,2
DA:17,1
DA:18,1
DA:19,1
DA:20,1
DA:21,1
DA:23,0
DA:24,1
DA:26,0
DA:27,2
DA:29,1
DA:30,2
DA:31,1
DA:34,0
DA:35,0
DA:36,0
DA:37,0
DA:38,0
DA:39,0
DA:40,0
DA:41,0
DA:42,0
DA:43,0
DA:44,0
DA:45,0
DA:46,0
DA:47,0
DA:48,0
DA:50,0
DA:51,0
DA:52,0
LF:38
LH:18
end_of_record
SF:lib\dtos\prova.response.dto.dart
DA:37,1
DA:56,1
DA:57,4
DA:61,0
DA:63,0
DA:64,0
DA:65,0
DA:66,0
DA:67,0
DA:68,0
DA:69,0
DA:70,0
DA:71,0
DA:72,0
DA:73,0
DA:74,0
DA:75,0
DA:76,0
DA:77,0
DA:78,0
DA:79,0
DA:83,0
DA:85,0
LF:23
LH:3
end_of_record
SF:lib\dtos\prova_anterior.response.dto.g.dart
DA:9,0
DA:11,0
DA:12,0
DA:13,0
DA:14,0
DA:15,0
DA:16,0
DA:18,0
DA:19,0
DA:20,0
DA:21,0
DA:23,0
DA:24,0
DA:26,0
DA:29,0
DA:31,0
DA:32,0
DA:33,0
DA:34,0
DA:35,0
DA:36,0
DA:37,0
DA:38,0
DA:39,0
DA:40,0
LF:25
LH:0
end_of_record
SF:lib\dtos\prova_anterior.response.dto.dart
DA:23,0
DA:36,0
LF:2
LH:0
end_of_record
SF:lib\dtos\admin_prova_caderno.response.dto.g.dart
DA:9,0
DA:11,0
DA:13,0
DA:16,0
DA:18,0
DA:19,0
LF:6
LH:0
end_of_record
SF:lib\dtos\admin_prova_caderno.response.dto.dart
DA:9,0
DA:14,0
LF:2
LH:0
end_of_record
SF:lib\dtos\prova_detalhes.response.dto.g.dart
DA:9,0
DA:11,0
DA:12,0
DA:14,0
DA:15,0
DA:16,0
DA:17,0
DA:20,0
DA:22,0
DA:23,0
DA:24,0
DA:25,0
LF:12
LH:0
end_of_record
SF:lib\dtos\prova_detalhes.response.dto.dart
DA:11,0
DA:18,0
DA:20,0
DA:22,0
LF:4
LH:0
end_of_record
SF:lib\dtos\prova_detalhes_caderno.response.dto.dart
DA:12,1
DA:20,0
LF:2
LH:1
end_of_record
SF:lib\dtos\prova_detalhes_caderno.response.dto.g.dart
DA:9,1
DA:11,1
DA:12,1
DA:13,1
DA:14,3
DA:16,1
DA:17,1
DA:18,1
DA:19,1
DA:22,0
DA:24,0
DA:25,0
DA:26,0
DA:27,0
LF:14
LH:9
end_of_record
SF:lib\dtos\prova_detalhes_caderno_questao.response.dto.g.dart
DA:9,1
DA:12,1
DA:13,1
DA:14,1
DA:15,1
DA:18,0
DA:20,0
DA:21,0
DA:22,0
DA:23,0
LF:10
LH:5
end_of_record
SF:lib\dtos\prova_detalhes_caderno_questao.response.dto.dart
DA:11,1
DA:19,0
LF:2
LH:1
end_of_record
SF:lib\dtos\questao.response.dto.dart
DA:15,0
DA:25,0
DA:27,0
DA:29,0
LF:4
LH:0
end_of_record
SF:lib\dtos\questao.response.dto.g.dart
DA:9,0
DA:10,0
DA:11,0
DA:12,0
DA:13,0
DA:14,0
DA:15,0
DA:16,0
DA:19,0
DA:20,0
DA:21,0
DA:22,0
DA:23,0
DA:24,0
DA:25,0
DA:26,0
LF:16
LH:0
end_of_record
SF:lib\dtos\questao_completa.response.dto.g.dart
DA:9,0
DA:11,0
DA:12,0
DA:13,0
DA:14,0
DA:15,0
DA:16,0
DA:17,0
DA:18,0
DA:19,0
DA:20,0
DA:21,0
DA:22,0
DA:23,0
DA:24,0
DA:25,0
DA:26,0
DA:27,0
DA:28,0
DA:29,0
DA:30,0
DA:31,0
DA:34,0
DA:36,0
DA:37,0
DA:38,0
DA:39,0
DA:40,0
DA:41,0
DA:42,0
DA:43,0
DA:44,0
DA:45,0
DA:46,0
LF:34
LH:0
end_of_record
SF:lib\dtos\questao_completa.response.dto.dart
DA:25,0
DA:39,0
DA:41,0
DA:44,0
DA:45,0
DA:46,0
DA:47,0
DA:48,0
DA:49,0
DA:50,0
DA:51,0
DA:52,0
DA:53,0
DA:54,0
LF:14
LH:0
end_of_record
SF:lib\dtos\questao_detalhes_legado.response.dto.g.dart
DA:9,1
DA:11,1
DA:12,1
DA:13,1
DA:14,1
DA:15,1
DA:16,2
DA:17,1
DA:18,1
DA:19,3
DA:20,1
DA:21,1
DA:22,1
DA:23,1
DA:24,1
DA:25,1
DA:26,0
DA:27,1
DA:28,1
DA:29,1
DA:30,2
DA:31,1
DA:34,0
DA:36,0
DA:37,0
DA:38,0
DA:39,0
DA:40,0
DA:41,0
DA:42,0
DA:43,0
DA:44,0
DA:45,0
DA:46,0
LF:34
LH:21
end_of_record
SF:lib\dtos\questao_detalhes_legado.response.dto.dart
DA:25,1
DA:39,0
LF:2
LH:1
end_of_record
SF:lib\dtos\questao_resposta.response.dto.g.dart
DA:9,0
DA:11,0
DA:12,0
DA:13,0
DA:14,0
DA:15,0
DA:18,0
DA:20,0
DA:21,0
DA:22,0
DA:23,0
DA:24,0
LF:12
LH:0
end_of_record
SF:lib\dtos\questao_resposta.response.dto.dart
DA:12,0
DA:20,0
DA:22,0
DA:24,0
LF:4
LH:0
end_of_record
SF:lib\dtos\versao_atualizacao.respose.dto.g.dart
DA:9,0
DA:11,0
DA:12,0
DA:13,0
DA:14,0
DA:15,0
DA:16,0
DA:19,0
DA:21,0
DA:22,0
DA:23,0
DA:24,0
DA:25,0
DA:26,0
LF:14
LH:0
end_of_record
SF:lib\dtos\versao_atualizacao.respose.dto.dart
DA:13,0
DA:22,0
LF:2
LH:0
end_of_record
SF:lib\dtos\questao_resposta.dto.dart
DA:14,0
DA:24,0
LF:2
LH:0
end_of_record
SF:lib\dtos\questao_resposta.dto.g.dart
DA:9,0
DA:10,0
DA:11,0
DA:12,0
DA:13,0
DA:14,0
DA:15,0
DA:16,0
DA:19,0
DA:20,0
DA:21,0
DA:22,0
DA:23,0
DA:24,0
DA:25,0
DA:26,0
LF:16
LH:0
end_of_record
SF:lib\enums\tempo_status.enum.dart
DA:1,3
LF:1
LH:1
end_of_record
SF:lib\enums\tipo_dispositivo.enum.dart
DA:3,3
LF:1
LH:1
end_of_record
SF:lib\enums\tipo_imagem.enum.dart
DA:1,3
LF:1
LH:1
end_of_record
SF:lib\enums\tratamento_imagem.enum.dart
DA:1,3
LF:1
LH:1
end_of_record
SF:lib\exceptions\prova_download.exception.dart
DA:5,0
DA:7,0
DA:9,0
DA:11,0
LF:4
LH:0
end_of_record
SF:lib\exceptions\sem_conexao.exeption.dart
DA:2,0
DA:4,0
LF:2
LH:0
end_of_record
SF:lib\main.ioc.dart
DA:31,3
DA:34,0
DA:35,0
DA:36,0
DA:37,0
DA:38,0
DA:39,0
DA:42,0
DA:43,0
DA:44,0
DA:45,0
DA:46,0
DA:47,0
DA:50,0
DA:53,0
DA:54,0
DA:55,0
DA:56,0
DA:57,0
DA:58,0
DA:59,0
DA:60,0
DA:61,0
DA:62,0
DA:63,0
DA:64,0
DA:65,0
DA:66,0
DA:67,0
DA:68,0
DA:69,0
DA:70,0
DA:71,0
DA:74,0
DA:81,0
DA:82,0
DA:83,0
DA:93,0
DA:99,0
DA:100,0
DA:101,0
LF:41
LH:1
end_of_record
SF:lib\main.route.dart
DA:23,0
DA:25,0
LF:2
LH:0
end_of_record
SF:lib\stores\principal.store.dart
DA:24,0
DA:25,0
DA:35,0
DA:36,0
DA:37,0
DA:40,0
DA:41,0
DA:50,0
DA:51,0
DA:53,0
DA:54,0
DA:57,0
DA:58,0
DA:59,0
DA:63,0
DA:64,0
DA:65,0
DA:69,0
DA:70,0
DA:72,0
DA:75,0
DA:77,0
DA:79,0
DA:80,0
DA:81,0
DA:82,0
DA:84,0
DA:85,0
DA:90,0
DA:93,0
DA:95,0
DA:97,0
DA:99,0
DA:101,0
DA:103,0
DA:106,0
DA:107,0
DA:111,0
DA:112,0
DA:114,0
DA:115,0
DA:118,0
DA:121,0
DA:122,0
DA:124,0
DA:125,0
DA:126,0
LF:47
LH:0
end_of_record
SF:lib\stores\principal.store.g.dart
DA:14,0
DA:16,0
DA:18,0
DA:21,0
DA:23,0
DA:25,0
DA:30,0
DA:32,0
DA:33,0
DA:36,0
DA:38,0
DA:39,0
DA:46,0
DA:48,0
DA:49,0
DA:52,0
DA:54,0
DA:55,0
DA:62,0
DA:64,0
DA:65,0
DA:68,0
DA:70,0
DA:71,0
DA:78,0
DA:80,0
DA:81,0
DA:87,0
DA:89,0
DA:95,0
DA:97,0
DA:100,0
DA:103,0
DA:104,0
DA:105,0
DA:106,0
DA:107,0
DA:108,0
LF:38
LH:0
end_of_record
SF:lib\stores\usuario.store.g.dart
DA:14,0
DA:16,0
DA:18,0
DA:23,0
DA:25,0
DA:26,0
DA:29,0
DA:31,0
DA:32,0
DA:39,0
DA:41,0
DA:42,0
DA:45,0
DA:47,0
DA:48,0
DA:49,0
DA:56,0
DA:58,0
DA:59,0
DA:62,0
DA:64,0
DA:65,0
DA:72,0
DA:74,0
DA:75,0
DA:78,0
DA:80,0
DA:81,0
DA:88,0
DA:90,0
DA:91,0
DA:94,0
DA:96,0
DA:97,0
DA:103,0
DA:105,0
DA:106,0
DA:109,0
DA:111,0
DA:112,0
DA:119,0
DA:121,0
DA:122,0
DA:125,0
DA:127,0
DA:128,0
DA:135,0
DA:137,0
DA:138,0
DA:141,0
DA:143,0
DA:144,0
DA:151,0
DA:153,0
DA:154,0
DA:157,0
DA:159,0
DA:160,0
DA:167,0
DA:169,0
DA:170,0
DA:173,0
DA:175,0
DA:176,0
DA:183,0
DA:185,0
DA:186,0
DA:189,0
DA:191,0
DA:192,0
DA:199,0
DA:201,0
DA:202,0
DA:205,0
DA:207,0
DA:208,0
DA:215,0
DA:217,0
DA:218,0
DA:221,0
DA:223,0
DA:224,0
DA:231,0
DA:233,0
DA:234,0
DA:237,0
DA:239,0
DA:240,0
DA:247,0
DA:249,0
DA:250,0
DA:253,0
DA:255,0
DA:256,0
DA:263,0
DA:265,0
DA:266,0
DA:269,0
DA:271,0
DA:272,0
DA:279,0
DA:281,0
DA:282,0
DA:285,0
DA:287,0
DA:288,0
DA:295,0
DA:297,0
DA:298,0
DA:301,0
DA:303,0
DA:304,0
DA:311,0
DA:313,0
DA:319,0
DA:336,0
DA:357,0
DA:363,0
DA:370,0
DA:372,0
DA:375,0
DA:377,0
DA:381,0
DA:384,0
DA:385,0
DA:386,0
DA:387,0
DA:388,0
DA:389,0
DA:390,0
DA:391,0
DA:392,0
DA:393,0
DA:394,0
DA:395,0
DA:396,0
DA:397,0
DA:398,0
DA:399,0
DA:400,0
DA:401,0
DA:402,0
DA:403,0
LF:143
LH:0
end_of_record
SF:lib\stores\usuario.store.dart
DA:68,0
DA:69,0
DA:71,0
DA:73,0
DA:74,0
DA:77,0
DA:78,0
DA:79,0
DA:80,0
DA:81,0
DA:82,0
DA:83,0
DA:84,0
DA:86,0
DA:87,0
DA:88,0
DA:92,0
DA:93,0
DA:94,0
DA:95,0
DA:96,0
DA:97,0
DA:98,0
DA:100,0
DA:101,0
DA:103,0
DA:104,0
DA:106,0
DA:107,0
DA:110,0
DA:111,0
DA:112,0
DA:115,0
DA:116,0
DA:119,0
DA:120,0
DA:123,0
DA:124,0
DA:127,0
DA:128,0
DA:130,0
DA:131,0
DA:134,0
DA:135,0
DA:138,0
DA:139,0
DA:142,0
DA:143,0
DA:146,0
DA:147,0
DA:150,0
DA:151,0
DA:156,0
DA:173,0
DA:174,0
DA:175,0
DA:176,0
DA:177,0
DA:178,0
DA:179,0
DA:180,0
DA:181,0
DA:183,0
DA:184,0
DA:185,0
DA:187,0
DA:188,0
DA:190,0
DA:191,0
DA:192,0
DA:195,0
DA:196,0
DA:197,0
DA:198,0
DA:201,0
DA:202,0
DA:204,0
DA:205,0
DA:206,0
DA:208,0
DA:209,0
DA:210,0
DA:212,0
DA:213,0
DA:216,0
DA:217,0
DA:219,0
DA:220,0
DA:222,0
DA:226,0
DA:232,0
DA:233,0
DA:234,0
DA:236,0
DA:237,0
DA:238,0
DA:240,0
DA:241,0
DA:242,0
DA:243,0
DA:246,0
DA:247,0
DA:248,0
LF:103
LH:0
end_of_record
SF:lib\interceptors\compressao.interceptor.dart
DA:8,0
DA:10,0
DA:13,0
LF:3
LH:0
end_of_record
SF:lib\interfaces\job.interface.dart
DA:4,0
DA:5,0
LF:2
LH:0
end_of_record
SF:lib\interfaces\job_config.interface.dart
DA:9,0
LF:1
LH:0
end_of_record
SF:lib\main.dart
DA:29,0
DA:31,0
DA:32,0
DA:33,0
DA:35,0
DA:37,0
DA:39,0
DA:41,0
DA:42,0
DA:43,0
DA:47,0
DA:48,0
DA:49,0
DA:50,0
DA:52,0
DA:53,0
DA:54,0
DA:57,0
DA:59,0
DA:60,0
DA:61,0
DA:63,0
DA:66,0
DA:67,0
DA:68,0
DA:69,0
DA:70,0
DA:72,0
DA:74,0
DA:76,0
DA:79,0
DA:81,0
DA:83,0
DA:84,0
DA:85,0
DA:86,0
DA:90,0
DA:92,0
DA:94,0
DA:97,0
DA:98,0
DA:102,0
DA:103,0
DA:104,0
DA:105,0
DA:109,0
DA:110,0
DA:111,0
DA:115,0
DA:117,0
DA:118,0
DA:122,0
DA:123,0
DA:125,0
DA:126,0
DA:127,0
DA:129,0
DA:130,0
DA:131,0
DA:132,0
DA:133,0
DA:137,0
DA:138,0
DA:139,0
LF:64
LH:0
end_of_record
SF:lib\utils\notificacao.util.dart
DA:5,0
DA:7,0
DA:8,0
DA:11,0
DA:12,0
DA:15,0
DA:16,0
DA:17,0
DA:18,0
DA:19,0
DA:22,0
DA:23,0
DA:28,0
DA:29,0
DA:33,0
LF:15
LH:0
end_of_record
SF:lib\utils\tela_adaptativa.util.dart
DA:7,2
DA:9,0
DA:10,0
DA:13,0
DA:14,0
DA:17,0
DA:18,0
LF:7
LH:1
end_of_record
SF:lib\utils\tema.util.dart
DA:15,0
LF:1
LH:0
end_of_record
SF:lib\workers\dispacher.dart
DA:21,0
DA:22,0
DA:23,0
DA:26,0
DA:27,0
DA:28,0
DA:29,0
DA:31,0
DA:34,0
DA:35,0
DA:38,0
DA:39,0
DA:42,0
DA:43,0
DA:47,0
DA:49,0
DA:51,0
DA:57,0
DA:58,0
DA:61,0
DA:62,0
DA:69,0
DA:72,0
DA:73,0
DA:74,0
DA:75,0
DA:78,0
DA:79,0
DA:81,0
DA:83,0
DA:84,0
DA:85,0
DA:86,0
DA:87,0
DA:88,0
DA:89,0
DA:94,0
DA:95,0
DA:96,0
LF:39
LH:0
end_of_record
SF:lib\stores\apresentacao.store.g.dart
DA:15,0
DA:17,0
DA:18,0
DA:21,0
DA:23,0
DA:24,0
DA:28,0
DA:31,0
DA:32,0
LF:9
LH:0
end_of_record
SF:lib\stores\apresentacao.store.dart
DA:13,0
DA:14,0
LF:2
LH:0
end_of_record
SF:lib\stores\home.store.g.dart
DA:15,0
DA:17,0
DA:18,0
DA:21,0
DA:23,0
DA:24,0
DA:31,0
DA:33,0
DA:34,0
DA:37,0
DA:39,0
DA:40,0
DA:47,0
DA:49,0
DA:55,0
DA:58,0
DA:59,0
DA:65,0
DA:67,0
DA:70,0
DA:72,0
DA:76,0
DA:78,0
DA:81,0
DA:83,0
DA:87,0
DA:90,0
DA:91,0
DA:92,0
LF:29
LH:0
end_of_record
SF:lib\stores\home.store.dart
DA:33,0
DA:34,0
DA:35,0
DA:37,0
DA:39,0
DA:41,0
DA:42,0
DA:43,0
DA:48,0
DA:50,0
DA:52,0
DA:53,0
DA:55,0
DA:57,0
DA:58,0
DA:60,0
DA:63,0
DA:65,0
DA:66,0
DA:70,0
DA:73,0
DA:74,0
DA:76,0
DA:81,0
DA:82,0
DA:83,0
DA:84,0
DA:86,0
DA:89,0
DA:90,0
DA:92,0
DA:93,0
DA:95,0
DA:96,0
DA:101,0
DA:104,0
DA:106,0
DA:109,0
DA:113,0
DA:114,0
DA:115,0
DA:118,0
DA:119,0
DA:121,0
DA:122,0
DA:123,0
DA:127,0
DA:129,0
DA:133,0
DA:134,0
DA:136,0
DA:137,0
DA:140,0
DA:141,0
DA:143,0
DA:148,0
DA:149,0
DA:151,0
DA:152,0
DA:154,0
DA:155,0
DA:157,0
DA:159,0
DA:160,0
DA:161,0
DA:163,0
DA:164,0
DA:165,0
DA:166,0
DA:168,0
DA:169,0
DA:172,0
DA:174,0
DA:175,0
DA:176,0
DA:180,0
DA:182,0
DA:183,0
DA:186,0
DA:188,0
DA:189,0
DA:193,0
DA:195,0
LF:83
LH:0
end_of_record
SF:lib\stores\login.store.dart
DA:42,0
DA:43,0
DA:44,0
DA:45,0
DA:49,0
DA:50,0
DA:51,0
DA:53,0
DA:54,0
DA:57,0
DA:58,0
DA:59,0
DA:62,0
DA:64,0
DA:67,0
DA:69,0
DA:72,0
DA:74,0
DA:75,0
DA:79,0
DA:82,0
DA:84,0
DA:86,0
DA:87,0
DA:92,0
DA:93,0
DA:94,0
DA:96,0
DA:99,0
DA:101,0
DA:103,0
DA:104,0
DA:108,0
DA:109,0
DA:111,0
DA:112,0
DA:115,0
DA:116,0
DA:117,0
DA:120,0
DA:121,0
DA:123,0
DA:124,0
DA:125,0
DA:126,0
DA:128,0
DA:129,0
DA:131,0
DA:133,0
DA:134,0
DA:135,0
DA:136,0
DA:137,0
DA:138,0
DA:139,0
DA:140,0
DA:141,0
DA:142,0
DA:143,0
DA:144,0
DA:145,0
DA:146,0
DA:147,0
DA:148,0
DA:149,0
DA:150,0
DA:151,0
DA:154,0
DA:156,0
DA:159,0
DA:160,0
DA:161,0
DA:166,0
DA:167,0
DA:168,0
DA:170,0
DA:171,0
DA:173,0
DA:174,0
DA:178,0
DA:179,0
DA:181,0
DA:182,0
DA:183,0
DA:185,0
DA:201,0
DA:202,0
LF:87
LH:0
end_of_record
SF:lib\stores\login.store.g.dart
DA:15,0
DA:17,0
DA:18,0
DA:21,0
DA:23,0
DA:24,0
DA:31,0
DA:33,0
DA:34,0
DA:37,0
DA:39,0
DA:40,0
DA:47,0
DA:49,0
DA:50,0
DA:53,0
DA:55,0
DA:56,0
DA:63,0
DA:65,0
DA:66,0
DA:69,0
DA:71,0
DA:72,0
DA:79,0
DA:81,0
DA:87,0
DA:89,0
DA:95,0
DA:97,0
DA:100,0
DA:102,0
DA:106,0
DA:108,0
DA:111,0
DA:113,0
DA:117,0
DA:119,0
DA:122,0
DA:124,0
DA:128,0
DA:130,0
DA:133,0
DA:135,0
DA:139,0
DA:141,0
DA:144,0
DA:146,0
DA:150,0
DA:153,0
DA:154,0
DA:155,0
DA:156,0
DA:157,0
DA:164,0
DA:166,0
DA:168,0
DA:173,0
DA:175,0
DA:176,0
DA:179,0
DA:181,0
DA:182,0
DA:189,0
DA:191,0
DA:192,0
DA:195,0
DA:197,0
DA:198,0
DA:202,0
DA:205,0
DA:206,0
DA:207,0
DA:208,0
LF:74
LH:0
end_of_record
SF:lib\stores\orientacao_inicial.store.g.dart
DA:16,0
DA:18,0
DA:19,0
DA:22,0
DA:24,0
DA:25,0
DA:26,0
DA:34,0
DA:36,0
DA:37,0
DA:40,0
DA:43,0
DA:44,0
LF:13
LH:0
end_of_record
SF:lib\stores\orientacao_inicial.store.dart
DA:26,0
DA:28,0
DA:30,0
DA:31,0
DA:33,0
DA:35,0
DA:37,0
DA:40,0
DA:41,0
DA:44,0
DA:45,0
DA:46,0
DA:47,0
DA:48,0
DA:49,0
DA:50,0
DA:51,0
DA:60,0
DA:62,0
DA:63,0
DA:64,0
DA:65,0
DA:66,0
DA:67,0
DA:72,0
DA:79,0
DA:83,0
DA:84,0
DA:87,0
DA:88,0
LF:30
LH:0
end_of_record
SF:lib\stores\prova.view.store.dart
DA:17,0
DA:18,0
DA:21,0
LF:3
LH:0
end_of_record
SF:lib\stores\prova.view.store.g.dart
DA:15,0
DA:17,0
DA:18,0
DA:21,0
DA:23,0
DA:24,0
DA:28,0
DA:31,0
DA:32,0
LF:9
LH:0
end_of_record
SF:lib\stores\questao_revisao.store.g.dart
DA:15,0
DA:17,0
DA:18,0
DA:21,0
DA:23,0
DA:24,0
DA:31,0
DA:33,0
DA:34,0
DA:37,0
DA:39,0
DA:40,0
DA:48,0
DA:50,0
DA:51,0
DA:54,0
DA:56,0
DA:57,0
DA:58,0
DA:66,0
DA:68,0
DA:69,0
DA:72,0
DA:74,0
DA:75,0
DA:76,0
DA:84,0
DA:86,0
DA:87,0
DA:90,0
DA:92,0
DA:93,0
DA:94,0
DA:101,0
DA:103,0
DA:104,0
DA:107,0
DA:109,0
DA:110,0
DA:117,0
DA:119,0
DA:120,0
DA:123,0
DA:125,0
DA:126,0
DA:127,0
DA:134,0
DA:136,0
DA:137,0
DA:140,0
DA:142,0
DA:143,0
DA:147,0
DA:150,0
DA:151,0
DA:152,0
DA:153,0
DA:154,0
DA:155,0
DA:156,0
DA:157,0
DA:158,0
LF:62
LH:0
end_of_record
SF:lib\stores\tema.store.dart
DA:39,0
DA:40,0
DA:41,0
DA:43,0
DA:44,0
DA:46,0
DA:47,0
DA:49,0
DA:50,0
DA:52,0
DA:53,0
DA:55,0
DA:56,0
DA:58,0
DA:59,0
DA:68,0
DA:70,0
DA:72,0
DA:73,0
DA:74,0
DA:75,0
DA:76,0
DA:77,0
DA:78,0
DA:81,0
DA:85,0
DA:87,0
DA:90,0
DA:94,0
DA:95,0
DA:96,0
DA:97,0
LF:32
LH:0
end_of_record
SF:lib\stores\tema.store.g.dart
DA:15,0
DA:17,0
DA:18,0
DA:21,0
DA:23,0
DA:24,0
DA:31,0
DA:33,0
DA:34,0
DA:37,0
DA:39,0
DA:40,0
DA:47,0
DA:49,0
DA:50,0
DA:53,0
DA:55,0
DA:56,0
DA:63,0
DA:65,0
DA:66,0
DA:69,0
DA:71,0
DA:72,0
DA:79,0
DA:81,0
DA:82,0
DA:85,0
DA:87,0
DA:88,0
DA:95,0
DA:97,0
DA:98,0
DA:101,0
DA:103,0
DA:104,0
DA:111,0
DA:113,0
DA:114,0
DA:117,0
DA:119,0
DA:120,0
DA:127,0
DA:129,0
DA:130,0
DA:133,0
DA:135,0
DA:136,0
DA:143,0
DA:145,0
DA:146,0
DA:149,0
DA:151,0
DA:152,0
DA:159,0
DA:161,0
DA:164,0
DA:166,0
DA:170,0
DA:172,0
DA:175,0
DA:177,0
DA:181,0
DA:184,0
DA:185,0
DA:186,0
DA:187,0
DA:188,0
DA:189,0
DA:190,0
DA:191,0
DA:192,0
DA:193,0
LF:73
LH:0
end_of_record
SF:lib\stores\admin_prova_caderno.store.dart
DA:19,0
DA:20,0
DA:21,0
DA:22,0
DA:23,0
DA:25,0
DA:26,0
DA:29,0
DA:30,0
DA:33,0
LF:10
LH:0
end_of_record
SF:lib\stores\admin_prova_caderno.store.g.dart
DA:15,0
DA:17,0
DA:18,0
DA:21,0
DA:23,0
DA:24,0
DA:31,0
DA:33,0
DA:34,0
DA:37,0
DA:39,0
DA:40,0
DA:48,0
DA:50,0
DA:51,0
DA:54,0
DA:57,0
DA:58,0
DA:59,0
LF:19
LH:0
end_of_record
SF:lib\stores\admin_prova_contexto.store.dart
DA:19,0
DA:20,0
DA:21,0
DA:22,0
DA:23,0
DA:25,0
DA:26,0
DA:28,0
DA:29,0
DA:32,0
DA:33,0
DA:36,0
LF:12
LH:0
end_of_record
SF:lib\stores\admin_prova_contexto.store.g.dart
DA:15,0
DA:17,0
DA:18,0
DA:21,0
DA:23,0
DA:24,0
DA:32,0
DA:34,0
DA:35,0
DA:38,0
DA:40,0
DA:41,0
DA:49,0
DA:51,0
DA:52,0
DA:55,0
DA:58,0
DA:59,0
DA:60,0
LF:19
LH:0
end_of_record
SF:lib\stores\admin_prova_questao.store.dart
DA:34,0
DA:35,0
DA:36,0
DA:37,0
DA:38,0
DA:40,0
DA:41,0
DA:42,0
DA:44,0
DA:47,0
DA:48,0
DA:51,0
DA:54,0
DA:56,0
DA:57,0
DA:58,0
DA:59,0
DA:60,0
DA:64,0
DA:65,0
DA:67,0
DA:68,0
DA:69,0
DA:70,0
DA:71,0
DA:75,0
DA:76,0
DA:77,0
DA:78,0
DA:79,0
DA:83,0
DA:84,0
DA:85,0
DA:86,0
DA:87,0
DA:91,0
DA:92,0
DA:93,0
DA:94,0
DA:95,0
DA:99,0
DA:100,0
DA:101,0
LF:43
LH:0
end_of_record
SF:lib\stores\admin_prova_questao.store.g.dart
DA:15,0
DA:17,0
DA:18,0
DA:21,0
DA:23,0
DA:24,0
DA:31,0
DA:33,0
DA:34,0
DA:37,0
DA:39,0
DA:40,0
DA:47,0
DA:49,0
DA:50,0
DA:53,0
DA:55,0
DA:56,0
DA:64,0
DA:66,0
DA:67,0
DA:74,0
DA:76,0
DA:83,0
DA:85,0
DA:86,0
DA:88,0
DA:90,0
DA:94,0
DA:97,0
DA:98,0
DA:99,0
DA:100,0
LF:33
LH:0
end_of_record
SF:lib\stores\admin_prova_resumo.store.dart
DA:20,0
DA:21,0
DA:22,0
DA:23,0
DA:26,0
DA:28,0
DA:31,0
DA:32,0
DA:35,0
DA:36,0
DA:40,0
LF:11
LH:0
end_of_record
SF:lib\stores\admin_prova_resumo.store.g.dart
DA:15,0
DA:17,0
DA:18,0
DA:21,0
DA:23,0
DA:24,0
DA:31,0
DA:33,0
DA:34,0
DA:37,0
DA:39,0
DA:40,0
DA:48,0
DA:50,0
DA:51,0
DA:54,0
DA:57,0
DA:58,0
DA:59,0
LF:19
LH:0
end_of_record
SF:lib\stores\contexto_prova_view.store.dart
DA:18,0
DA:19,0
DA:21,0
DA:23,0
DA:25,0
LF:5
LH:0
end_of_record
SF:lib\stores\contexto_prova_view.store.g.dart
DA:15,0
DA:17,0
DA:18,0
DA:21,0
DA:23,0
DA:24,0
DA:31,0
DA:33,0
DA:34,0
DA:37,0
DA:39,0
DA:40,0
DA:48,0
DA:50,0
DA:51,0
DA:54,0
DA:57,0
DA:58,0
DA:59,0
LF:19
LH:0
end_of_record
SF:lib\stores\home.admin.store.dart
DA:42,0
DA:43,0
DA:47,0
DA:49,0
DA:50,0
DA:52,0
DA:55,0
DA:56,0
DA:57,0
DA:58,0
DA:59,0
DA:60,0
DA:63,0
DA:64,0
DA:66,0
DA:67,0
DA:69,0
DA:70,0
DA:72,0
DA:74,0
DA:77,0
DA:78,0
DA:82,0
DA:86,0
DA:87,0
DA:88,0
DA:89,0
DA:92,0
DA:94,0
DA:95,0
DA:96,0
DA:97,0
DA:100,0
DA:102,0
DA:103,0
DA:105,0
DA:106,0
DA:107,0
LF:38
LH:0
end_of_record
SF:lib\stores\home.admin.store.g.dart
DA:15,0
DA:17,0
DA:18,0
DA:21,0
DA:23,0
DA:24,0
DA:31,0
DA:33,0
DA:34,0
DA:37,0
DA:39,0
DA:40,0
DA:47,0
DA:49,0
DA:50,0
DA:53,0
DA:55,0
DA:56,0
DA:63,0
DA:65,0
DA:66,0
DA:69,0
DA:71,0
DA:72,0
DA:79,0
DA:81,0
DA:82,0
DA:85,0
DA:87,0
DA:88,0
DA:95,0
DA:97,0
DA:98,0
DA:101,0
DA:103,0
DA:104,0
DA:111,0
DA:113,0
DA:114,0
DA:117,0
DA:119,0
DA:120,0
DA:127,0
DA:129,0
DA:130,0
DA:136,0
DA:138,0
DA:144,0
DA:146,0
DA:149,0
DA:151,0
DA:155,0
DA:158,0
DA:159,0
DA:160,0
DA:161,0
DA:162,0
DA:163,0
DA:164,0
DA:165,0
LF:60
LH:0
end_of_record
SF:lib\stores\home_provas_anteriores.store.dart
DA:17,0
DA:18,0
DA:20,0
DA:22,0
DA:24,0
DA:25,0
DA:26,0
DA:29,0
DA:30,0
LF:9
LH:0
end_of_record
SF:lib\stores\home_provas_anteriores.store.g.dart
DA:15,0
DA:17,0
DA:18,0
DA:21,0
DA:23,0
DA:24,0
DA:32,0
DA:34,0
DA:35,0
DA:38,0
DA:40,0
DA:41,0
DA:49,0
DA:51,0
DA:52,0
DA:55,0
DA:58,0
DA:59,0
DA:60,0
LF:19
LH:0
end_of_record
SF:lib\stores\login_adm.store.dart
DA:14,0
DA:15,0
DA:16,0
DA:19,0
DA:23,0
DA:24,0
DA:25,0
DA:26,0
DA:27,0
DA:28,0
DA:30,0
DA:32,0
DA:33,0
DA:34,0
DA:35,0
DA:39,0
DA:40,0
DA:41,0
DA:42,0
DA:47,0
LF:20
LH:0
end_of_record
SF:lib\stores\login_adm.store.g.dart
DA:12,0
LF:1
LH:0
end_of_record
SF:lib\stores\questao.store.g.dart
DA:15,0
DA:17,0
DA:18,0
DA:21,0
DA:23,0
DA:24,0
DA:31,0
DA:33,0
DA:34,0
DA:37,0
DA:39,0
DA:40,0
DA:44,0
DA:47,0
DA:48,0
DA:49,0
LF:16
LH:0
end_of_record
SF:lib\ui\views\admin\prova_contexto.admin.dart
DA:13,0
DA:17,0
DA:19,0
DA:20,0
DA:26,0
DA:28,0
DA:29,0
DA:32,0
DA:34,0
DA:35,0
DA:37,0
DA:38,0
DA:39,0
DA:40,0
DA:41,0
DA:42,0
DA:43,0
DA:47,0
DA:48,0
DA:53,0
DA:54,0
DA:55,0
DA:57,0
DA:68,0
DA:70,0
DA:71,0
LF:26
LH:0
end_of_record
SF:lib\ui\views\home\home.view.dart
DA:15,0
DA:17,0
DA:18,0
DA:25,0
DA:28,0
DA:30,0
DA:31,0
DA:36,0
DA:37,0
DA:38,0
DA:43,0
DA:45,0
DA:46,0
DA:47,0
DA:50,0
DA:52,0
DA:59,0
DA:62,0
DA:64,0
DA:65,0
DA:67,0
DA:68,0
DA:69,0
DA:70,0
DA:72,0
DA:73,0
DA:74,0
DA:75,0
DA:76,0
DA:83,0
DA:84,0
DA:89,0
DA:90,0
DA:91,0
DA:92,0
DA:93,0
DA:95,0
DA:96,0
DA:97,0
DA:103,0
DA:104,0
DA:114,0
DA:115,0
DA:116,0
DA:117,0
DA:118,0
DA:119,0
LF:47
LH:0
end_of_record
SF:lib\ui\views\login\login.view.dart
DA:17,3
DA:19,0
DA:20,0
DA:29,0
DA:31,0
DA:32,0
DA:35,0
DA:37,0
DA:38,0
DA:39,0
DA:40,0
DA:43,0
DA:46,0
DA:48,0
DA:49,0
DA:50,0
DA:52,0
DA:54,0
DA:55,0
DA:56,0
DA:58,0
DA:59,0
DA:60,0
DA:66,0
DA:68,0
DA:76,0
DA:77,0
DA:78,0
DA:79,0
DA:80,0
DA:83,0
DA:87,0
DA:93,0
DA:94,0
DA:95,0
DA:98,0
DA:99,0
DA:106,0
DA:107,0
DA:108,0
DA:109,0
DA:112,0
DA:113,0
DA:114,0
DA:115,0
DA:116,0
DA:117,0
DA:118,0
DA:119,0
DA:121,0
DA:122,0
DA:123,0
DA:124,0
DA:126,0
DA:127,0
DA:128,0
DA:129,0
DA:131,0
DA:132,0
DA:133,0
DA:136,0
DA:143,0
DA:144,0
DA:145,0
DA:146,0
DA:147,0
DA:148,0
DA:149,0
DA:151,0
DA:152,0
DA:153,0
DA:154,0
DA:155,0
DA:157,0
DA:158,0
DA:159,0
DA:160,0
DA:161,0
DA:162,0
DA:164,0
DA:165,0
DA:169,0
DA:170,0
DA:171,0
DA:173,0
DA:176,0
DA:182,0
DA:183,0
DA:184,0
DA:185,0
DA:186,0
DA:191,0
DA:193,0
DA:194,0
DA:195,0
DA:196,0
DA:197,0
DA:199,0
DA:200,0
DA:201,0
DA:202,0
DA:205,0
DA:206,0
DA:209,0
DA:210,0
DA:226,0
DA:227,0
DA:230,0
DA:231,0
DA:232,0
DA:233,0
DA:234,0
DA:235,0
DA:236,0
DA:237,0
DA:239,0
DA:240,0
DA:241,0
DA:242,0
DA:244,0
DA:245,0
DA:246,0
DA:247,0
DA:249,0
DA:250,0
DA:251,0
DA:254,0
DA:261,0
DA:262,0
DA:263,0
DA:264,0
DA:265,0
DA:266,0
DA:267,0
DA:269,0
DA:270,0
DA:271,0
DA:272,0
DA:273,0
DA:275,0
DA:276,0
DA:277,0
DA:278,0
DA:279,0
DA:280,0
DA:282,0
DA:283,0
DA:287,0
DA:288,0
DA:289,0
DA:291,0
DA:293,0
DA:299,0
DA:300,0
DA:301,0
DA:302,0
DA:303,0
DA:309,0
DA:311,0
DA:312,0
DA:313,0
DA:314,0
DA:316,0
DA:317,0
DA:318,0
DA:319,0
DA:322,0
DA:323,0
DA:326,0
DA:327,0
DA:344,0
DA:345,0
DA:346,0
DA:348,0
DA:349,0
DA:350,0
DA:351,0
DA:353,0
LF:178
LH:1
end_of_record
SF:lib\ui\views\orientacao_inicial\orientacao_inicial.view.dart
DA:13,3
DA:15,0
DA:16,0
DA:24,0
DA:26,0
DA:27,0
DA:29,0
DA:30,0
DA:31,0
DA:32,0
DA:33,0
DA:35,0
DA:38,0
DA:39,0
DA:40,0
DA:45,0
DA:50,0
DA:51,0
DA:52,0
DA:53,0
DA:54,0
DA:57,0
DA:61,0
DA:62,0
DA:72,0
DA:74,0
DA:75,0
LF:27
LH:1
end_of_record
SF:lib\ui\views\prova\contexto_prova.view.dart
DA:19,0
DA:20,0
DA:22,0
DA:23,0
DA:26,0
DA:29,0
DA:30,0
DA:36,0
DA:38,0
DA:39,0
DA:40,0
DA:43,0
DA:45,0
DA:46,0
DA:48,0
DA:49,0
DA:50,0
DA:51,0
DA:52,0
DA:53,0
DA:54,0
DA:58,0
DA:59,0
DA:64,0
DA:73,0
DA:75,0
DA:76,0
LF:27
LH:0
end_of_record
SF:lib\ui\views\prova\prova.view.dart
DA:19,0
DA:21,0
DA:22,0
DA:28,0
DA:31,0
DA:34,0
DA:37,0
DA:39,0
DA:41,0
DA:43,0
DA:44,0
DA:47,0
DA:49,0
DA:50,0
DA:51,0
DA:52,0
DA:56,0
DA:58,0
DA:61,0
DA:63,0
DA:64,0
DA:67,0
DA:69,0
DA:70,0
DA:71,0
DA:74,0
DA:75,0
DA:76,0
DA:79,0
DA:84,0
LF:30
LH:0
end_of_record
SF:lib\ui\views\prova\questao.view.dart
DA:44,0
DA:46,0
DA:47,0
DA:65,0
DA:67,0
DA:68,0
DA:70,0
DA:71,0
DA:72,0
DA:76,0
DA:77,0
DA:79,0
DA:80,0
DA:84,0
DA:86,0
DA:87,0
DA:88,0
DA:89,0
DA:90,0
DA:92,0
DA:95,0
DA:96,0
DA:98,0
DA:99,0
DA:101,0
DA:102,0
DA:103,0
DA:104,0
DA:109,0
DA:110,0
DA:112,0
DA:113,0
DA:115,0
DA:116,0
DA:117,0
DA:123,0
DA:126,0
DA:129,0
DA:131,0
DA:133,0
DA:134,0
DA:138,0
DA:139,0
DA:140,0
DA:141,0
DA:142,0
DA:145,0
DA:146,0
DA:147,0
DA:153,0
DA:155,0
DA:156,0
DA:157,0
DA:160,0
DA:161,0
DA:162,0
DA:165,0
DA:170,0
DA:171,0
DA:172,0
DA:173,0
DA:174,0
DA:175,0
DA:176,0
DA:177,0
DA:178,0
DA:179,0
DA:180,0
DA:181,0
DA:182,0
DA:183,0
DA:184,0
DA:185,0
DA:186,0
DA:187,0
DA:188,0
DA:190,0
DA:191,0
DA:192,0
DA:193,0
DA:194,0
DA:195,0
DA:196,0
DA:197,0
DA:200,0
DA:201,0
DA:202,0
DA:203,0
DA:204,0
DA:209,0
DA:210,0
DA:211,0
DA:212,0
DA:213,0
DA:214,0
DA:215,0
DA:217,0
DA:223,0
DA:224,0
DA:230,0
DA:245,0
DA:246,0
DA:247,0
DA:250,0
DA:251,0
DA:254,0
DA:262,0
DA:263,0
DA:264,0
DA:268,0
DA:269,0
DA:270,0
DA:271,0
DA:272,0
DA:273,0
DA:277,0
DA:281,0
DA:282,0
DA:283,0
DA:288,0
DA:291,0
DA:292,0
DA:293,0
DA:294,0
DA:295,0
DA:296,0
DA:297,0
DA:298,0
DA:304,0
DA:305,0
DA:308,0
DA:309,0
DA:310,0
DA:314,0
DA:315,0
DA:318,0
DA:319,0
DA:320,0
DA:328,0
DA:329,0
DA:330,0
DA:333,0
DA:335,0
DA:336,0
DA:337,0
DA:338,0
DA:339,0
DA:341,0
DA:343,0
DA:348,0
DA:349,0
DA:350,0
DA:352,0
DA:353,0
DA:355,0
DA:357,0
DA:359,0
DA:360,0
DA:361,0
DA:362,0
DA:363,0
DA:366,0
DA:367,0
DA:368,0
DA:369,0
DA:372,0
DA:373,0
DA:374,0
DA:376,0
DA:378,0
DA:380,0
DA:386,0
DA:388,0
DA:390,0
DA:391,0
DA:392,0
DA:393,0
DA:395,0
DA:397,0
DA:399,0
DA:405,0
DA:406,0
DA:408,0
DA:411,0
DA:413,0
DA:415,0
DA:416,0
DA:420,0
DA:421,0
DA:425,0
DA:426,0
DA:433,0
DA:434,0
DA:438,0
DA:439,0
LF:195
LH:0
end_of_record
SF:lib\ui\views\prova\resumo_respostas.view.dart
DA:34,0
DA:36,0
DA:38,0
DA:39,0
DA:49,0
DA:51,0
DA:52,0
DA:54,0
DA:55,0
DA:58,0
DA:59,0
DA:62,0
DA:64,0
DA:65,0
DA:68,0
DA:71,0
DA:74,0
DA:77,0
DA:79,0
DA:81,0
DA:86,0
DA:88,0
DA:89,0
DA:92,0
DA:93,0
DA:94,0
DA:95,0
DA:96,0
DA:97,0
DA:98,0
DA:99,0
DA:100,0
DA:101,0
DA:102,0
DA:103,0
DA:104,0
DA:105,0
DA:108,0
DA:110,0
DA:111,0
DA:112,0
DA:115,0
DA:116,0
DA:117,0
DA:123,0
DA:124,0
DA:125,0
DA:129,0
DA:130,0
DA:131,0
DA:132,0
DA:133,0
DA:137,0
DA:138,0
DA:139,0
DA:142,0
DA:143,0
DA:145,0
DA:146,0
DA:148,0
DA:150,0
DA:170,0
DA:171,0
DA:175,0
DA:176,0
DA:177,0
DA:180,0
DA:183,0
DA:184,0
DA:185,0
DA:186,0
DA:187,0
DA:188,0
DA:189,0
DA:190,0
DA:191,0
DA:192,0
DA:196,0
DA:197,0
DA:198,0
DA:199,0
DA:207,0
DA:208,0
DA:209,0
DA:210,0
DA:211,0
DA:223,0
DA:224,0
DA:225,0
DA:226,0
DA:227,0
DA:237,0
DA:240,0
DA:241,0
DA:242,0
DA:243,0
DA:244,0
DA:249,0
DA:253,0
DA:261,0
DA:262,0
DA:264,0
DA:265,0
DA:266,0
DA:267,0
DA:268,0
DA:269,0
DA:270,0
DA:271,0
DA:275,0
DA:281,0
DA:286,0
DA:287,0
DA:288,0
DA:292,0
DA:293,0
DA:294,0
DA:295,0
DA:297,0
DA:299,0
DA:301,0
DA:302,0
DA:303,0
DA:304,0
DA:305,0
DA:308,0
DA:309,0
DA:311,0
DA:312,0
DA:317,0
DA:319,0
DA:321,0
DA:322,0
DA:324,0
DA:325,0
DA:326,0
DA:331,0
DA:332,0
DA:335,0
DA:336,0
DA:338,0
DA:340,0
DA:341,0
DA:343,0
DA:345,0
DA:346,0
DA:348,0
DA:349,0
DA:350,0
DA:351,0
DA:352,0
DA:354,0
DA:357,0
DA:358,0
DA:360,0
DA:363,0
DA:364,0
DA:365,0
DA:367,0
DA:371,0
DA:372,0
DA:373,0
DA:374,0
DA:381,0
DA:382,0
DA:383,0
DA:384,0
DA:388,0
DA:389,0
DA:390,0
DA:391,0
DA:392,0
DA:398,0
DA:399,0
DA:400,0
DA:401,0
DA:404,0
DA:405,0
DA:406,0
DA:407,0
DA:414,0
DA:415,0
DA:416,0
DA:417,0
DA:423,0
DA:429,0
DA:430,0
DA:431,0
DA:432,0
DA:434,0
DA:435,0
DA:436,0
DA:437,0
DA:438,0
DA:439,0
DA:440,0
DA:441,0
DA:442,0
DA:443,0
DA:444,0
DA:445,0
DA:446,0
DA:449,0
DA:455,0
DA:456,0
DA:459,0
DA:460,0
DA:462,0
DA:465,0
DA:467,0
DA:468,0
DA:470,0
DA:472,0
DA:477,0
DA:478,0
DA:489,0
DA:495,0
DA:498,0
DA:501,0
DA:503,0
DA:508,0
DA:509,0
DA:512,0
DA:515,0
DA:516,0
DA:517,0
LF:226
LH:0
end_of_record
SF:lib\ui\views\splashscreen\splash_screen.view.dart
DA:26,3
DA:28,0
DA:29,0
DA:38,0
DA:40,0
DA:41,0
DA:44,0
DA:47,0
DA:49,0
DA:50,0
DA:53,0
DA:54,0
DA:55,0
DA:57,0
DA:59,0
DA:61,0
DA:63,0
DA:64,0
DA:65,0
DA:66,0
DA:67,0
DA:70,0
DA:71,0
DA:72,0
DA:73,0
DA:74,0
DA:75,0
DA:76,0
DA:77,0
DA:78,0
DA:79,0
DA:80,0
DA:81,0
DA:82,0
DA:87,0
DA:88,0
DA:92,0
DA:93,0
DA:95,0
DA:98,0
DA:99,0
DA:102,0
DA:103,0
DA:107,0
DA:108,0
DA:109,0
DA:110,0
DA:112,0
DA:115,0
DA:119,0
DA:121,0
DA:122,0
DA:123,0
DA:124,0
DA:130,0
DA:131,0
DA:132,0
DA:134,0
DA:136,0
DA:137,0
DA:138,0
DA:143,0
DA:144,0
DA:146,0
DA:147,0
DA:152,0
DA:153,0
DA:158,0
DA:160,0
DA:161,0
DA:162,0
DA:163,0
DA:166,0
DA:167,0
DA:168,0
DA:170,0
DA:171,0
DA:173,0
DA:175,0
DA:177,0
DA:178,0
DA:179,0
DA:181,0
DA:182,0
DA:183,0
DA:184,0
DA:185,0
DA:187,0
DA:190,0
DA:191,0
DA:195,0
DA:196,0
LF:92
LH:1
end_of_record
SF:lib\utils\router.util.dart
DA:2,3
DA:24,0
DA:26,0
DA:28,0
DA:30,0
DA:32,0
DA:34,0
DA:36,0
DA:38,0
DA:40,0
DA:42,0
DA:44,0
DA:46,0
DA:48,0
DA:50,0
DA:52,0
DA:54,0
DA:56,0
DA:58,0
DA:60,0
DA:65,0
DA:67,0
DA:69,0
DA:71,0
DA:73,0
DA:75,0
DA:77,0
DA:79,0
DA:81,0
DA:83,0
DA:85,0
DA:87,0
DA:89,0
DA:91,0
DA:93,0
DA:95,0
DA:97,0
DA:99,0
DA:101,0
DA:106,0
DA:108,0
DA:110,0
DA:112,0
DA:114,0
DA:116,0
DA:118,0
DA:120,0
DA:122,0
DA:124,0
DA:126,0
DA:128,0
DA:130,0
DA:132,0
DA:134,0
DA:136,0
DA:138,0
DA:140,0
DA:142,0
LF:58
LH:1
end_of_record
SF:lib\ui\views\admin\prova_questao.admin.view.dart
DA:24,0
DA:30,0
DA:32,0
DA:33,0
DA:37,0
DA:40,0
DA:42,0
DA:43,0
DA:46,0
DA:48,0
DA:50,0
DA:54,0
DA:55,0
DA:56,0
DA:57,0
DA:58,0
DA:59,0
DA:61,0
DA:67,0
DA:69,0
DA:70,0
DA:71,0
DA:74,0
DA:75,0
DA:76,0
DA:79,0
DA:84,0
DA:85,0
DA:86,0
DA:87,0
DA:88,0
DA:89,0
DA:90,0
DA:91,0
DA:92,0
DA:93,0
DA:94,0
DA:95,0
DA:96,0
DA:97,0
DA:98,0
DA:99,0
DA:101,0
DA:102,0
DA:103,0
DA:104,0
DA:105,0
DA:106,0
DA:107,0
DA:108,0
DA:111,0
DA:112,0
DA:113,0
DA:114,0
DA:115,0
DA:120,0
DA:121,0
DA:122,0
DA:123,0
DA:129,0
DA:135,0
DA:148,0
DA:149,0
DA:150,0
DA:153,0
DA:154,0
DA:157,0
DA:165,0
DA:166,0
DA:167,0
DA:170,0
DA:171,0
DA:175,0
DA:176,0
DA:177,0
DA:178,0
DA:179,0
DA:180,0
DA:181,0
DA:182,0
DA:188,0
DA:189,0
DA:192,0
DA:193,0
DA:194,0
DA:198,0
DA:199,0
DA:202,0
DA:203,0
DA:204,0
DA:212,0
DA:213,0
DA:214,0
DA:217,0
DA:219,0
DA:220,0
DA:221,0
DA:222,0
DA:223,0
DA:226,0
DA:232,0
DA:233,0
DA:234,0
DA:236,0
DA:237,0
DA:238,0
DA:239,0
DA:240,0
DA:243,0
DA:249,0
DA:251,0
DA:252,0
DA:253,0
DA:255,0
DA:261,0
DA:262,0
DA:265,0
DA:266,0
DA:273,0
DA:274,0
LF:120
LH:0
end_of_record
SF:lib\ui\views\admin\prova_resumo.admin.view.dart
DA:19,0
DA:23,0
DA:25,0
DA:26,0
DA:30,0
DA:33,0
DA:35,0
DA:36,0
DA:39,0
DA:41,0
DA:43,0
DA:47,0
DA:48,0
DA:49,0
DA:50,0
DA:51,0
DA:52,0
DA:54,0
DA:60,0
DA:62,0
DA:63,0
DA:64,0
DA:65,0
DA:67,0
DA:68,0
DA:69,0
DA:70,0
DA:73,0
DA:75,0
DA:83,0
DA:84,0
DA:85,0
DA:86,0
DA:87,0
DA:91,0
DA:92,0
DA:93,0
DA:94,0
DA:95,0
DA:108,0
DA:109,0
DA:110,0
DA:111,0
DA:113,0
DA:119,0
DA:121,0
DA:122,0
DA:133,0
DA:134,0
DA:135,0
DA:136,0
DA:137,0
DA:142,0
DA:146,0
DA:154,0
DA:155,0
DA:156,0
DA:158,0
DA:159,0
DA:160,0
DA:161,0
DA:162,0
DA:165,0
DA:171,0
DA:173,0
DA:175,0
DA:176,0
DA:177,0
DA:178,0
DA:180,0
DA:181,0
DA:182,0
DA:184,0
DA:190,0
DA:192,0
DA:193,0
DA:200,0
DA:201,0
DA:202,0
DA:203,0
DA:205,0
DA:206,0
DA:207,0
DA:208,0
DA:209,0
DA:212,0
DA:215,0
LF:87
LH:0
end_of_record
SF:lib\ui\views\admin\prova_resumo_caderno.admin.view.dart
DA:16,0
DA:18,0
DA:19,0
DA:23,0
DA:26,0
DA:28,0
DA:29,0
DA:32,0
DA:34,0
DA:36,0
DA:40,0
DA:41,0
DA:42,0
DA:43,0
DA:44,0
DA:49,0
DA:51,0
DA:52,0
DA:53,0
DA:54,0
DA:57,0
DA:58,0
DA:65,0
DA:71,0
DA:72,0
DA:73,0
DA:74,0
DA:75,0
DA:79,0
DA:80,0
DA:81,0
DA:83,0
DA:86,0
DA:88,0
DA:89,0
DA:90,0
DA:91,0
DA:92,0
DA:103,0
DA:104,0
DA:105,0
DA:106,0
DA:108,0
DA:114,0
DA:116,0
DA:117,0
DA:128,0
DA:129,0
DA:130,0
DA:131,0
DA:132,0
DA:137,0
DA:141,0
DA:149,0
DA:150,0
DA:151,0
DA:153,0
DA:154,0
DA:155,0
DA:156,0
DA:157,0
DA:160,0
DA:166,0
DA:167,0
DA:168,0
DA:169,0
DA:171,0
DA:172,0
DA:177,0
DA:179,0
DA:180,0
DA:187,0
DA:188,0
DA:189,0
DA:190,0
DA:192,0
DA:193,0
DA:195,0
LF:78
LH:0
end_of_record
SF:lib\ui\views\error\error.view.dart
DA:7,0
DA:10,0
DA:12,0
DA:14,0
DA:15,0
DA:16,0
DA:18,0
DA:19,0
DA:21,0
DA:22,0
DA:23,0
DA:24,0
DA:25,0
LF:13
LH:0
end_of_record
SF:lib\ui\views\admin\home.admin.view.dart
DA:29,0
DA:31,0
DA:32,0
DA:38,0
DA:41,0
DA:44,0
DA:47,0
DA:49,0
DA:50,0
DA:53,0
DA:55,0
DA:56,0
DA:59,0
DA:61,0
DA:62,0
DA:63,0
DA:65,0
DA:66,0
DA:67,0
DA:69,0
DA:71,0
DA:72,0
DA:73,0
DA:74,0
DA:76,0
DA:81,0
DA:82,0
DA:84,0
DA:85,0
DA:91,0
DA:93,0
DA:94,0
DA:95,0
DA:96,0
DA:98,0
DA:103,0
DA:104,0
DA:106,0
DA:107,0
DA:108,0
DA:117,0
DA:118,0
DA:119,0
DA:121,0
DA:123,0
DA:125,0
DA:126,0
DA:127,0
DA:130,0
DA:132,0
DA:133,0
DA:134,0
DA:142,0
DA:144,0
DA:146,0
DA:147,0
DA:148,0
DA:151,0
DA:153,0
DA:154,0
DA:155,0
DA:161,0
DA:162,0
DA:164,0
DA:165,0
DA:166,0
DA:168,0
DA:169,0
DA:178,0
DA:179,0
DA:180,0
DA:181,0
DA:182,0
DA:183,0
DA:184,0
DA:185,0
DA:186,0
DA:189,0
DA:190,0
DA:192,0
DA:196,0
DA:198,0
DA:212,0
DA:213,0
DA:214,0
DA:215,0
DA:216,0
DA:219,0
DA:222,0
DA:227,0
DA:228,0
DA:229,0
DA:230,0
DA:231,0
DA:232,0
DA:233,0
DA:236,0
DA:238,0
DA:239,0
DA:240,0
DA:241,0
DA:244,0
DA:246,0
DA:247,0
DA:252,0
DA:254,0
DA:255,0
DA:256,0
DA:257,0
DA:258,0
DA:259,0
DA:261,0
DA:262,0
DA:268,0
DA:272,0
DA:273,0
DA:274,0
DA:275,0
DA:276,0
DA:279,0
DA:280,0
DA:286,0
DA:287,0
DA:297,0
DA:299,0
DA:300,0
DA:301,0
DA:302,0
DA:303,0
DA:304,0
DA:306,0
DA:307,0
DA:313,0
DA:316,0
DA:319,0
DA:320,0
DA:324,0
DA:325,0
DA:331,0
DA:333,0
DA:334,0
DA:335,0
DA:346,0
DA:347,0
DA:348,0
DA:349,0
DA:351,0
DA:354,0
DA:360,0
DA:364,0
DA:365,0
DA:367,0
DA:368,0
DA:369,0
DA:371,0
DA:373,0
DA:378,0
DA:381,0
DA:382,0
DA:385,0
DA:386,0
DA:391,0
DA:392,0
DA:393,0
DA:395,0
DA:396,0
DA:397,0
DA:399,0
DA:401,0
DA:404,0
DA:406,0
DA:410,0
DA:412,0
DA:416,0
DA:417,0
DA:420,0
DA:422,0
DA:427,0
DA:428,0
DA:429,0
DA:430,0
DA:432,0
DA:434,0
DA:437,0
DA:440,0
DA:442,0
DA:445,0
DA:446,0
DA:450,0
DA:452,0
DA:460,0
DA:463,0
DA:467,0
DA:469,0
DA:474,0
DA:475,0
DA:476,0
DA:479,0
DA:480,0
DA:481,0
DA:486,0
DA:489,0
DA:490,0
DA:491,0
DA:492,0
DA:494,0
DA:495,0
DA:496,0
DA:502,0
DA:508,0
DA:512,0
DA:516,0
DA:517,0
DA:518,0
DA:520,0
DA:522,0
DA:523,0
DA:526,0
DA:530,0
DA:531,0
DA:532,0
DA:533,0
DA:542,0
DA:548,0
DA:549,0
DA:550,0
DA:552,0
DA:553,0
DA:555,0
DA:560,0
DA:561,0
DA:563,0
DA:564,0
DA:566,0
DA:568,0
LF:235
LH:0
end_of_record
SF:lib\ui\views\login\login.adm.view.dart
DA:10,0
DA:13,0
DA:15,0
DA:16,0
DA:20,0
DA:22,0
DA:23,0
DA:25,0
DA:30,0
DA:33,0
DA:35,0
DA:38,0
DA:39,0
DA:40,0
LF:14
LH:0
end_of_record
SF:lib\ui\views\prova\questao_revisao.view.dart
DA:47,0
DA:49,0
DA:50,0
DA:67,0
DA:69,0
DA:70,0
DA:72,0
DA:73,0
DA:76,0
DA:79,0
DA:80,0
DA:82,0
DA:83,0
DA:86,0
DA:87,0
DA:88,0
DA:89,0
DA:90,0
DA:91,0
DA:94,0
DA:97,0
DA:100,0
DA:102,0
DA:104,0
DA:108,0
DA:110,0
DA:111,0
DA:113,0
DA:114,0
DA:115,0
DA:118,0
DA:119,0
DA:120,0
DA:123,0
DA:128,0
DA:129,0
DA:130,0
DA:131,0
DA:132,0
DA:133,0
DA:134,0
DA:135,0
DA:136,0
DA:137,0
DA:138,0
DA:139,0
DA:140,0
DA:141,0
DA:143,0
DA:144,0
DA:145,0
DA:146,0
DA:147,0
DA:148,0
DA:149,0
DA:150,0
DA:153,0
DA:154,0
DA:155,0
DA:156,0
DA:157,0
DA:162,0
DA:163,0
DA:164,0
DA:165,0
DA:166,0
DA:167,0
DA:168,0
DA:169,0
DA:170,0
DA:171,0
DA:172,0
DA:175,0
DA:176,0
DA:177,0
DA:178,0
DA:182,0
DA:183,0
DA:185,0
DA:189,0
DA:190,0
DA:191,0
DA:192,0
DA:193,0
DA:194,0
DA:195,0
DA:196,0
DA:197,0
DA:198,0
DA:201,0
DA:202,0
DA:203,0
DA:204,0
DA:209,0
DA:210,0
DA:212,0
DA:216,0
DA:217,0
DA:218,0
DA:224,0
DA:225,0
DA:231,0
DA:244,0
DA:245,0
DA:247,0
DA:250,0
DA:252,0
DA:253,0
DA:254,0
DA:255,0
DA:256,0
DA:257,0
DA:258,0
DA:260,0
DA:262,0
DA:263,0
DA:264,0
DA:268,0
DA:270,0
DA:271,0
DA:272,0
DA:274,0
DA:275,0
DA:277,0
DA:280,0
DA:281,0
DA:282,0
DA:285,0
DA:286,0
DA:287,0
DA:289,0
DA:290,0
DA:291,0
DA:308,0
DA:309,0
DA:310,0
DA:311,0
DA:312,0
DA:313,0
DA:316,0
DA:320,0
DA:321,0
DA:323,0
DA:324,0
DA:326,0
DA:327,0
DA:328,0
DA:329,0
DA:331,0
DA:333,0
DA:334,0
DA:335,0
DA:336,0
DA:337,0
DA:338,0
DA:339,0
DA:341,0
DA:342,0
DA:345,0
DA:347,0
DA:348,0
DA:353,0
DA:361,0
DA:366,0
DA:370,0
DA:378,0
DA:379,0
DA:380,0
DA:381,0
DA:382,0
DA:391,0
DA:392,0
DA:393,0
DA:395,0
DA:396,0
DA:397,0
DA:398,0
DA:399,0
DA:401,0
DA:403,0
DA:408,0
DA:409,0
DA:411,0
DA:412,0
DA:413,0
DA:414,0
DA:415,0
DA:417,0
DA:418,0
DA:420,0
DA:421,0
DA:424,0
DA:425,0
DA:429,0
DA:430,0
DA:431,0
DA:432,0
DA:434,0
DA:437,0
DA:438,0
DA:439,0
DA:440,0
DA:441,0
DA:442,0
DA:443,0
DA:446,0
DA:447,0
DA:448,0
DA:449,0
DA:450,0
DA:451,0
DA:452,0
DA:453,0
DA:454,0
DA:469,0
DA:470,0
DA:473,0
DA:474,0
DA:475,0
DA:476,0
DA:477,0
DA:479,0
DA:481,0
DA:483,0
DA:485,0
DA:486,0
DA:487,0
DA:488,0
DA:491,0
DA:492,0
DA:493,0
DA:495,0
DA:497,0
DA:499,0
DA:504,0
DA:507,0
DA:510,0
DA:512,0
DA:514,0
DA:516,0
DA:518,0
DA:519,0
DA:520,0
DA:521,0
DA:524,0
DA:525,0
DA:527,0
DA:529,0
DA:531,0
DA:539,0
DA:540,0
DA:542,0
DA:543,0
DA:545,0
DA:546,0
DA:547,0
DA:553,0
DA:555,0
DA:556,0
DA:557,0
DA:558,0
DA:559,0
DA:560,0
DA:564,0
DA:568,0
DA:569,0
DA:570,0
DA:575,0
LF:268
LH:0
end_of_record
SF:lib\ui\views\prova\prova.view.util.dart
DA:16,0
DA:17,0
DA:18,0
DA:19,0
DA:20,0
DA:21,0
DA:23,0
DA:25,0
DA:26,0
DA:27,0
DA:28,0
DA:29,0
DA:30,0
DA:31,0
DA:32,0
DA:36,0
DA:40,0
DA:41,0
DA:43,0
DA:46,0
DA:49,0
DA:50,0
DA:51,0
DA:58,0
DA:61,0
DA:64,0
DA:65,0
DA:66,0
DA:68,0
DA:72,0
DA:73,0
DA:75,0
DA:78,0
DA:79,0
DA:80,0
DA:82,0
DA:89,0
DA:99,0
DA:100,0
DA:101,0
DA:105,0
DA:107,0
DA:108,0
DA:109,0
DA:110,0
DA:111,0
DA:114,0
DA:115,0
DA:116,0
DA:117,0
DA:123,0
LF:51
LH:0
end_of_record
SF:lib\managers\download.manager.store.g.dart
DA:12,0
LF:1
LH:0
end_of_record
SF:lib\managers\download.manager.store.dart
DA:72,1
DA:74,0
DA:75,0
DA:76,0
DA:78,1
DA:79,1
DA:83,1
DA:84,2
DA:86,1
DA:89,2
DA:90,1
DA:91,2
DA:92,2
DA:93,2
DA:95,1
DA:96,0
DA:97,0
DA:98,0
DA:101,0
DA:102,0
DA:103,0
DA:104,0
DA:105,0
DA:106,0
DA:107,0
DA:108,0
DA:109,0
DA:113,0
DA:114,0
DA:117,0
DA:118,0
DA:121,1
DA:122,1
DA:123,4
DA:127,5
DA:129,4
DA:131,5
DA:132,1
DA:133,1
DA:136,1
DA:140,1
DA:143,4
DA:144,2
DA:145,2
DA:146,2
DA:147,1
DA:148,1
DA:149,1
DA:150,1
DA:151,1
DA:154,1
DA:160,4
DA:161,1
DA:162,0
DA:163,0
DA:164,0
DA:166,0
DA:169,0
DA:175,5
DA:177,3
DA:179,3
DA:180,3
DA:181,3
DA:182,3
DA:183,1
DA:186,1
DA:187,1
DA:190,1
DA:191,5
DA:194,5
DA:196,6
DA:197,2
DA:199,7
DA:201,5
DA:203,1
DA:206,5
DA:208,5
DA:210,4
DA:211,1
DA:212,0
DA:213,0
DA:217,2
DA:218,3
DA:220,3
DA:221,2
DA:222,7
DA:224,2
DA:226,2
DA:228,3
DA:231,1
DA:232,0
DA:233,0
DA:234,0
DA:238,0
DA:239,0
DA:243,0
DA:244,0
DA:247,0
DA:248,0
DA:250,0
DA:251,0
DA:252,0
DA:255,0
DA:256,0
DA:257,0
DA:259,0
DA:263,1
DA:264,2
DA:265,6
DA:269,2
DA:270,3
DA:272,0
DA:273,0
DA:274,0
DA:277,0
DA:278,0
DA:279,0
DA:281,0
DA:285,1
DA:286,1
DA:293,0
DA:294,0
DA:295,0
DA:296,1
DA:298,0
DA:299,0
DA:300,0
DA:301,0
DA:302,1
DA:303,0
DA:304,0
DA:305,0
DA:306,0
DA:307,1
DA:308,2
DA:309,2
DA:310,3
DA:312,0
DA:313,0
DA:314,0
DA:315,0
DA:316,0
DA:319,5
DA:321,2
DA:325,2
DA:328,1
DA:329,1
DA:335,0
DA:337,0
DA:341,0
DA:342,0
DA:343,0
DA:344,0
DA:348,0
DA:350,0
DA:352,0
DA:353,0
DA:355,0
DA:359,0
DA:360,0
DA:363,1
DA:364,2
DA:365,0
DA:366,0
DA:367,0
DA:372,1
DA:373,2
DA:376,1
DA:377,5
DA:379,2
DA:382,0
DA:383,0
DA:386,1
DA:388,5
DA:389,5
DA:392,0
DA:393,0
DA:395,0
DA:397,0
DA:398,0
DA:400,0
DA:401,0
DA:402,0
DA:406,0
DA:408,0
DA:409,0
DA:410,0
DA:412,0
DA:413,0
DA:414,0
DA:415,0
DA:416,0
DA:419,0
DA:421,0
DA:425,1
DA:426,2
DA:429,3
DA:430,5
DA:432,1
DA:433,1
DA:435,1
DA:436,0
DA:440,2
DA:442,5
DA:445,5
DA:447,1
DA:448,1
DA:449,1
DA:450,1
DA:451,1
DA:452,1
DA:455,4
DA:457,4
DA:459,2
DA:460,4
DA:463,3
DA:465,1
DA:466,0
DA:467,0
DA:472,1
DA:473,0
DA:474,0
DA:479,5
DA:483,1
DA:484,4
DA:486,1
DA:488,1
DA:489,1
DA:490,1
DA:491,1
DA:492,1
DA:493,1
DA:497,4
DA:500,2
DA:502,0
DA:505,0
DA:506,0
DA:507,0
DA:511,1
DA:512,5
DA:514,2
DA:515,1
DA:516,1
DA:518,1
DA:519,1
DA:520,1
DA:523,4
DA:527,1
DA:528,5
DA:530,2
DA:534,5
DA:536,0
DA:540,2
DA:541,1
DA:542,2
DA:546,2
DA:547,2
DA:549,1
DA:550,4
DA:551,1
DA:552,1
DA:556,4
DA:558,5
DA:560,0
DA:565,1
DA:567,1
DA:570,4
DA:572,0
DA:579,0
DA:580,0
DA:582,0
DA:584,0
DA:586,0
DA:588,0
DA:590,0
DA:593,0
DA:594,0
DA:596,0
DA:597,0
DA:602,0
DA:604,0
DA:607,0
DA:614,0
DA:615,0
DA:617,0
DA:619,0
DA:621,0
DA:623,0
DA:625,0
DA:628,0
DA:629,0
DA:631,0
DA:632,0
DA:637,0
DA:639,0
DA:642,0
DA:649,0
DA:650,0
DA:651,0
DA:654,0
DA:657,1
DA:658,2
DA:659,4
DA:663,0
DA:664,0
DA:667,1
DA:668,4
DA:669,1
DA:672,1
DA:673,4
DA:674,1
DA:677,1
DA:678,5
DA:680,3
DA:681,0
DA:682,0
DA:683,5
DA:685,2
DA:686,2
DA:688,4
DA:690,3
DA:693,3
DA:695,3
DA:697,0
DA:698,0
DA:701,1
DA:702,2
DA:704,2
DA:708,1
DA:709,5
DA:711,2
DA:713,1
DA:714,0
DA:717,0
DA:722,1
DA:723,5
DA:726,1
DA:727,6
DA:729,2
DA:730,5
DA:731,1
DA:732,1
DA:733,3
DA:734,0
DA:735,0
DA:736,0
DA:742,0
DA:743,0
DA:744,0
DA:745,0
DA:746,0
DA:751,0
DA:757,1
DA:758,6
DA:760,2
DA:761,2
DA:762,0
DA:763,0
DA:764,0
DA:770,0
DA:771,0
DA:773,0
DA:775,0
DA:778,0
DA:779,0
DA:780,0
DA:784,0
DA:785,0
DA:786,0
DA:789,0
DA:790,0
DA:792,0
DA:793,0
DA:794,0
DA:795,0
DA:796,0
DA:799,0
DA:800,0
DA:803,0
DA:804,0
DA:805,0
DA:808,0
DA:809,0
DA:811,0
DA:812,0
DA:813,0
DA:814,0
DA:817,0
DA:820,0
DA:821,0
DA:824,0
DA:825,0
DA:826,0
DA:830,0
DA:831,0
DA:834,0
DA:835,0
DA:836,0
DA:840,0
DA:841,0
DA:842,0
DA:845,0
DA:846,0
DA:849,0
DA:850,0
LF:405
LH:193
end_of_record
SF:lib\stores\prova.store.dart
DA:34,0
DA:36,0
DA:37,0
DA:38,0
DA:67,0
DA:72,0
DA:73,0
DA:107,0
DA:109,0
DA:113,0
DA:114,0
DA:116,0
DA:118,0
DA:119,0
DA:120,0
DA:121,0
DA:124,0
DA:125,0
DA:128,0
DA:130,0
DA:132,0
DA:135,0
DA:137,0
DA:138,0
DA:141,0
DA:142,0
DA:143,0
DA:144,0
DA:145,0
DA:146,0
DA:147,0
DA:150,0
DA:151,0
DA:155,0
DA:157,0
DA:158,0
DA:159,0
DA:160,0
DA:163,0
DA:165,0
DA:167,0
DA:169,0
DA:174,0
DA:175,0
DA:179,0
DA:180,0
DA:181,0
DA:182,0
DA:184,0
DA:185,0
DA:187,0
DA:192,0
DA:193,0
DA:197,0
DA:198,0
DA:199,0
DA:200,0
DA:201,0
DA:202,0
DA:203,0
DA:207,0
DA:210,0
DA:211,0
DA:213,0
DA:214,0
DA:215,0
DA:221,0
DA:227,0
DA:228,0
DA:229,0
DA:231,0
DA:233,0
DA:234,0
DA:235,0
DA:236,0
DA:237,0
DA:240,0
DA:244,0
DA:248,0
DA:249,0
DA:252,0
DA:253,0
DA:254,0
DA:259,0
DA:260,0
DA:262,0
DA:264,0
DA:265,0
DA:267,0
DA:268,0
DA:270,0
DA:273,0
DA:276,0
DA:277,0
DA:278,0
DA:279,0
DA:280,0
DA:281,0
DA:283,0
DA:284,0
DA:292,0
DA:293,0
DA:294,0
DA:297,0
DA:298,0
DA:299,0
DA:302,0
DA:303,0
DA:304,0
DA:309,0
DA:310,0
DA:312,0
DA:315,0
DA:316,0
DA:318,0
DA:319,0
DA:324,0
DA:326,0
DA:327,0
DA:329,0
DA:330,0
DA:331,0
DA:332,0
DA:333,0
DA:339,0
DA:340,0
DA:341,0
DA:342,0
DA:346,0
DA:347,0
DA:348,0
DA:352,0
DA:353,0
DA:354,0
DA:358,0
DA:360,0
DA:362,0
DA:364,0
DA:366,0
DA:367,0
DA:370,0
DA:372,0
DA:376,0
DA:378,0
DA:381,0
DA:382,0
DA:383,0
DA:384,0
DA:385,0
DA:386,0
DA:389,0
DA:394,0
DA:396,0
DA:401,0
DA:403,0
DA:404,0
DA:407,0
DA:409,0
DA:417,0
DA:423,0
DA:424,0
DA:427,0
DA:429,0
DA:430,0
DA:432,0
DA:433,0
DA:436,0
DA:437,0
LF:168
LH:0
end_of_record
SF:lib\stores\prova.store.g.dart
DA:15,0
DA:17,0
DA:18,0
DA:21,0
DA:23,0
DA:24,0
DA:31,0
DA:33,0
DA:34,0
DA:37,0
DA:39,0
DA:40,0
DA:47,0
DA:49,0
DA:50,0
DA:53,0
DA:55,0
DA:56,0
DA:63,0
DA:65,0
DA:66,0
DA:69,0
DA:71,0
DA:72,0
DA:79,0
DA:81,0
DA:82,0
DA:85,0
DA:87,0
DA:88,0
DA:95,0
DA:97,0
DA:98,0
DA:101,0
DA:103,0
DA:104,0
DA:111,0
DA:113,0
DA:114,0
DA:117,0
DA:119,0
DA:120,0
DA:127,0
DA:129,0
DA:130,0
DA:133,0
DA:135,0
DA:136,0
DA:143,0
DA:145,0
DA:146,0
DA:149,0
DA:151,0
DA:152,0
DA:159,0
DA:161,0
DA:162,0
DA:165,0
DA:167,0
DA:168,0
DA:175,0
DA:177,0
DA:178,0
DA:181,0
DA:183,0
DA:184,0
DA:191,0
DA:193,0
DA:194,0
DA:197,0
DA:199,0
DA:200,0
DA:207,0
DA:209,0
DA:210,0
DA:213,0
DA:215,0
DA:216,0
DA:223,0
DA:225,0
DA:226,0
DA:229,0
DA:231,0
DA:232,0
DA:239,0
DA:241,0
DA:248,0
DA:250,0
DA:251,0
DA:257,0
DA:259,0
DA:260,0
DA:266,0
DA:268,0
DA:274,0
DA:276,0
DA:282,0
DA:284,0
DA:290,0
DA:292,0
DA:293,0
DA:299,0
DA:301,0
DA:302,0
DA:308,0
DA:310,0
DA:311,0
DA:317,0
DA:319,0
DA:320,0
DA:326,0
DA:328,0
DA:329,0
DA:335,0
DA:337,0
DA:340,0
DA:342,0
DA:346,0
DA:348,0
DA:351,0
DA:353,0
DA:357,0
DA:359,0
DA:362,0
DA:364,0
DA:368,0
DA:370,0
DA:373,0
DA:375,0
DA:379,0
DA:381,0
DA:384,0
DA:386,0
DA:390,0
DA:393,0
DA:394,0
DA:395,0
DA:396,0
DA:397,0
DA:398,0
DA:399,0
DA:400,0
DA:401,0
DA:402,0
DA:403,0
DA:404,0
DA:405,0
DA:406,0
DA:407,0
LF:149
LH:0
end_of_record
SF:lib\managers\tempo.manager.dart
DA:9,3
DA:32,0
DA:39,0
DA:40,0
DA:41,0
DA:42,0
DA:43,0
DA:45,0
DA:46,0
DA:47,0
DA:51,0
DA:56,0
DA:57,0
DA:59,0
DA:63,0
DA:65,0
DA:66,0
DA:69,0
DA:70,0
DA:73,0
DA:75,0
DA:82,0
DA:83,0
DA:84,0
DA:86,0
DA:88,0
DA:90,0
DA:94,0
DA:95,0
DA:96,0
DA:98,0
DA:99,0
DA:100,0
DA:102,0
DA:103,0
DA:106,0
DA:107,0
DA:108,0
DA:109,0
DA:111,0
DA:112,0
DA:114,0
DA:120,0
DA:121,0
DA:123,0
DA:125,0
DA:126,0
DA:128,0
DA:131,0
DA:133,0
DA:135,0
DA:138,0
DA:139,0
DA:141,0
DA:144,0
DA:145,0
DA:146,0
DA:147,0
DA:149,0
DA:150,0
DA:152,0
DA:158,0
DA:159,0
DA:161,0
DA:163,0
DA:164,0
DA:166,0
DA:169,0
DA:171,0
DA:173,0
DA:176,0
DA:177,0
DA:178,0
DA:179,0
DA:181,0
DA:182,0
DA:188,0
DA:189,0
DA:192,0
DA:194,0
DA:195,0
DA:196,0
DA:206,0
LF:83
LH:1
end_of_record
SF:lib\utils\extensions\date.extension.dart
DA:2,0
DA:12,0
DA:13,0
DA:14,0
DA:15,0
DA:16,0
DA:17,0
DA:18,0
DA:19,0
DA:20,0
LF:10
LH:0
end_of_record
SF:lib\utils\date.util.dart
DA:4,0
DA:5,0
DA:6,0
DA:10,0
DA:11,0
DA:12,0
DA:15,0
DA:16,0
DA:17,0
DA:18,0
DA:19,0
DA:20,0
DA:21,0
DA:24,0
DA:26,0
DA:29,0
DA:31,0
DA:34,0
DA:36,0
DA:39,0
DA:41,0
DA:44,0
DA:46,0
DA:49,0
DA:51,0
DA:54,0
DA:56,0
DA:59,0
DA:60,0
DA:61,0
DA:64,0
DA:65,0
DA:66,0
DA:70,0
DA:72,0
DA:79,0
DA:80,0
DA:81,0
DA:82,0
DA:88,0
DA:95,0
DA:97,0
DA:103,0
[...]
DA:361,0
DA:362,0
DA:364,0
DA:365,0
DA:366,0
DA:367,0
DA:369,0
DA:370,0
DA:371,0
DA:373,0
DA:375,0
DA:376,0
DA:378,0
DA:381,0
DA:386,0
DA:390,0
DA:392,0
DA:393,0
DA:396,0
DA:397,0
DA:398,0
DA:401,0
DA:405,0
DA:406,0
DA:407,0
DA:412,0
DA:416,0
DA:421,0
DA:423,0
DA:426,0
DA:429,0
DA:433,0
DA:434,0
DA:436,0
DA:437,0
DA:440,0
DA:443,0
DA:446,0
DA:447,0
DA:448,0
DA:451,0
DA:452,0
DA:456,0
DA:458,0
DA:459,0
DA:460,0
DA:462,0
DA:463,0
DA:465,0
DA:466,0
DA:472,0
DA:475,0
DA:478,0
DA:487,0
DA:490,0
DA:497,0
DA:498,0
DA:499,0
DA:506,0
DA:510,0
DA:513,0
DA:514,0
DA:515,0
DA:521,0
DA:526,0
DA:530,0
DA:538,0
DA:539,0
DA:541,0
DA:542,0
DA:545,0
DA:547,0
DA:548,0
DA:557,0
DA:561,0
DA:564,0
DA:565,0
DA:566,0
DA:572,0
DA:577,0
DA:581,0
DA:589,0
DA:590,0
DA:592,0
DA:593,0
DA:596,0
DA:598,0
DA:599,0
DA:608,0
DA:609,0
DA:611,0
DA:616,0
DA:619,0
DA:620,0
DA:621,0
DA:627,0
DA:632,0
DA:636,0
DA:637,0
DA:638,0
DA:639,0
DA:642,0
DA:644,0
DA:648,0
DA:655,0
DA:658,0
DA:662,0
DA:663,0
DA:665,0
DA:666,0
DA:669,0
DA:671,0
DA:672,0
LF:243
LH:0
end_of_record
SF:lib\ui\widgets\adaptative\adaptative.widget.dart
DA:4,3
DA:10,0
DA:14,0
DA:16,0
DA:18,0
DA:19,0
DA:20,0
DA:21,0
DA:23,0
DA:25,0
DA:26,0
DA:27,0
DA:28,0
DA:32,0
DA:33,0
DA:35,0
DA:39,0
DA:40,0
DA:41,0
LF:19
LH:1
end_of_record
SF:lib\ui\widgets\adaptative\center.widger.dart
DA:7,0
DA:11,0
DA:13,0
DA:15,0
DA:16,0
DA:17,0
DA:20,0
LF:7
LH:0
end_of_record
SF:lib\ui\widgets\bases\base_state.widget.dart
DA:21,0
DA:23,0
DA:24,0
DA:27,0
DA:29,0
DA:30,0
DA:53,0
DA:55,0
DA:57,0
DA:59,0
DA:60,0
DA:61,0
DA:62,0
DA:63,0
DA:64,0
DA:65,0
DA:66,0
DA:67,0
DA:69,0
DA:70,0
DA:71,0
DA:72,0
DA:73,0
DA:75,0
DA:76,0
DA:77,0
DA:78,0
DA:79,0
DA:80,0
DA:82,0
DA:92,0
DA:94,0
DA:95,0
DA:102,0
DA:103,0
DA:105,0
DA:106,0
DA:110,0
DA:114,0
DA:118,0
DA:122,0
DA:126,0
DA:127,0
DA:128,0
DA:129,0
DA:130,0
DA:133,0
DA:137,0
DA:138,0
DA:139,0
DA:141,0
DA:142,0
LF:52
LH:0
end_of_record
SF:lib\ui\widgets\bases\base_statefull.widget.dart
DA:5,3
LF:1
LH:1
end_of_record
SF:lib\ui\widgets\buttons\botao_default.widget.dart
DA:17,0
DA:25,0
DA:27,0
DA:28,0
DA:29,0
DA:30,0
DA:31,0
DA:32,0
DA:33,0
DA:34,0
DA:35,0
DA:39,0
DA:40,0
DA:43,0
DA:44,0
DA:50,0
DA:51,0
DA:52,0
DA:53,0
DA:56,0
DA:62,0
LF:21
LH:0
end_of_record
SF:lib\ui\widgets\dialog\dialog_default.widget.dart
DA:13,0
DA:21,0
DA:23,0
DA:24,0
DA:25,0
DA:28,0
DA:32,0
DA:33,0
DA:34,0
DA:35,0
DA:36,0
DA:37,0
DA:40,0
DA:42,0
DA:43,0
DA:46,0
DA:47,0
DA:49,0
DA:53,0
DA:55,0
DA:59,0
DA:61,0
DA:70,0
DA:71,0
DA:72,0
DA:74,0
DA:77,0
DA:79,0
DA:84,0
DA:85,0
DA:86,0
DA:87,0
DA:89,0
DA:90,0
DA:92,0
DA:97,0
LF:36
LH:0
end_of_record
SF:lib\ui\widgets\texts\texto_default.widget.dart
DA:8,3
DA:26,0
DA:40,0
DA:42,0
DA:44,0
DA:45,0
DA:47,0
DA:49,0
DA:50,0
DA:51,0
DA:52,0
DA:53,0
DA:54,0
DA:57,0
DA:58,0
DA:60,0
DA:61,0
DA:62,0
DA:67,0
DA:68,0
DA:72,0
LF:21
LH:1
end_of_record
SF:lib\ui\widgets\apresentacao\apresentacao_contexto.admin.widget.dart
DA:27,0
DA:40,0
DA:42,0
DA:43,0
DA:44,0
DA:45,0
DA:46,0
DA:48,0
DA:49,0
DA:50,0
DA:51,0
DA:53,0
DA:54,0
DA:55,0
DA:56,0
DA:58,0
DA:59,0
DA:60,0
DA:61,0
DA:68,0
DA:69,0
DA:70,0
DA:71,0
DA:72,0
DA:76,0
DA:83,0
DA:90,0
DA:91,0
DA:92,0
DA:93,0
DA:99,0
DA:106,0
DA:117,0
DA:123,0
DA:125,0
DA:126,0
DA:127,0
DA:128,0
DA:129,0
DA:139,0
DA:150,0
DA:151,0
DA:152,0
DA:153,0
DA:154,0
DA:160,0
DA:161,0
DA:162,0
DA:169,0
DA:170,0
DA:171,0
DA:177,0
DA:178,0
DA:179,0
DA:188,0
DA:191,0
DA:193,0
DA:197,0
DA:198,0
DA:199,0
DA:208,0
DA:209,0
DA:216,0
DA:223,0
DA:224,0
DA:226,0
DA:227,0
DA:228,0
DA:230,0
DA:235,0
DA:246,0
DA:248,0
DA:250,0
DA:251,0
DA:252,0
DA:253,0
DA:254,0
DA:265,0
DA:266,0
DA:267,0
DA:270,0
DA:271,0
DA:273,0
DA:274,0
DA:275,0
DA:276,0
DA:277,0
DA:280,0
DA:283,0
DA:284,0
DA:285,0
DA:286,0
DA:287,0
DA:290,0
DA:292,0
DA:295,0
DA:296,0
DA:299,0
DA:301,0
DA:315,0
DA:316,0
DA:318,0
DA:320,0
DA:321,0
DA:322,0
DA:324,0
DA:325,0
DA:326,0
DA:327,0
DA:329,0
DA:331,0
DA:334,0
DA:336,0
DA:338,0
DA:339,0
DA:340,0
DA:345,0
DA:347,0
DA:348,0
DA:349,0
DA:351,0
DA:352,0
DA:353,0
DA:354,0
DA:356,0
DA:358,0
DA:365,0
DA:366,0
DA:367,0
DA:369,0
DA:370,0
DA:371,0
DA:372,0
DA:379,0
LF:134
LH:0
end_of_record
SF:lib\ui\views\prova\widgets\questao_admin.widget.dart
DA:26,0
DA:31,0
DA:33,0
DA:35,0
DA:36,0
DA:37,0
DA:38,0
DA:39,0
DA:40,0
DA:41,0
DA:42,0
DA:43,0
DA:46,0
DA:47,0
DA:48,0
DA:49,0
DA:53,0
DA:54,0
DA:57,0
DA:58,0
DA:59,0
DA:60,0
DA:61,0
DA:62,0
DA:63,0
DA:64,0
DA:67,0
DA:68,0
DA:69,0
DA:70,0
DA:75,0
DA:76,0
DA:79,0
DA:80,0
DA:85,0
DA:86,0
DA:88,0
DA:91,0
DA:93,0
DA:94,0
DA:95,0
DA:96,0
DA:97,0
DA:98,0
DA:99,0
DA:101,0
DA:103,0
DA:104,0
DA:105,0
DA:109,0
DA:111,0
DA:112,0
DA:113,0
DA:115,0
DA:116,0
DA:118,0
DA:121,0
DA:122,0
DA:123,0
DA:126,0
DA:127,0
DA:128,0
DA:130,0
DA:131,0
DA:132,0
DA:149,0
DA:150,0
DA:151,0
DA:152,0
DA:153,0
DA:154,0
DA:157,0
DA:161,0
DA:162,0
DA:163,0
DA:164,0
DA:165,0
DA:166,0
DA:167,0
DA:169,0
DA:171,0
DA:181,0
DA:182,0
DA:183,0
DA:185,0
DA:186,0
DA:187,0
DA:188,0
DA:189,0
DA:190,0
DA:192,0
DA:197,0
DA:198,0
DA:199,0
DA:200,0
DA:201,0
DA:202,0
DA:204,0
DA:205,0
DA:207,0
DA:208,0
DA:211,0
DA:213,0
DA:214,0
DA:215,0
DA:216,0
DA:217,0
DA:218,0
DA:219,0
DA:222,0
DA:223,0
DA:224,0
DA:225,0
DA:226,0
DA:227,0
DA:228,0
DA:229,0
DA:243,0
DA:248,0
DA:249,0
DA:250,0
DA:254,0
DA:255,0
DA:258,0
LF:124
LH:0
end_of_record
SF:lib\ui\widgets\appbar\appbar.widget.dart
DA:35,0
DA:45,0
DA:46,0
DA:48,0
DA:50,0
DA:53,0
DA:54,0
DA:55,0
DA:56,0
DA:57,0
DA:60,0
DA:61,0
DA:63,0
DA:64,0
DA:70,0
DA:71,0
DA:72,0
DA:77,0
DA:83,0
DA:85,0
DA:92,0
DA:93,0
DA:94,0
DA:95,0
DA:96,0
DA:101,0
DA:102,0
DA:103,0
DA:104,0
DA:105,0
DA:110,0
DA:111,0
DA:112,0
DA:113,0
DA:114,0
DA:115,0
DA:116,0
DA:117,0
DA:123,0
DA:128,0
DA:129,0
DA:130,0
DA:131,0
DA:133,0
DA:134,0
DA:138,0
DA:142,0
DA:144,0
DA:146,0
DA:147,0
DA:148,0
DA:150,0
DA:151,0
DA:153,0
DA:160,0
DA:161,0
DA:162,0
DA:165,0
DA:166,0
DA:167,0
DA:169,0
DA:170,0
DA:172,0
DA:173,0
DA:175,0
DA:177,0
DA:178,0
DA:185,0
DA:187,0
DA:190,0
DA:193,0
DA:194,0
DA:195,0
DA:197,0
DA:198,0
DA:199,0
DA:202,0
DA:204,0
DA:205,0
DA:206,0
DA:209,0
DA:211,0
DA:212,0
DA:213,0
DA:215,0
DA:216,0
DA:219,0
DA:220,0
DA:223,0
DA:224,0
DA:230,0
DA:231,0
DA:232,0
DA:234,0
DA:236,0
DA:237,0
DA:238,0
DA:242,0
DA:243,0
DA:244,0
LF:100
LH:0
end_of_record
SF:lib\ui\widgets\audio_player\audio_player.widget.dart
DA:11,0
DA:15,0
DA:17,0
DA:18,0
DA:24,0
DA:26,0
DA:27,0
DA:28,0
DA:29,0
DA:32,0
DA:34,0
DA:35,0
DA:38,0
DA:40,0
DA:41,0
DA:43,0
DA:44,0
DA:45,0
DA:48,0
DA:49,0
DA:55,0
DA:56,0
DA:57,0
DA:58,0
DA:59,0
DA:60,0
DA:61,0
DA:62,0
DA:69,0
DA:71,0
DA:72,0
DA:75,0
DA:76,0
DA:78,0
DA:79,0
DA:88,0
DA:89,0
DA:90,0
DA:92,0
DA:96,0
DA:97,0
DA:102,0
DA:104,0
DA:108,0
DA:109,0
LF:45
LH:0
end_of_record
SF:lib\ui\widgets\buttons\botao_secundario.widget.dart
DA:16,0
DA:23,0
DA:25,0
DA:27,0
DA:28,0
DA:29,0
DA:30,0
DA:31,0
DA:32,0
DA:33,0
DA:36,0
DA:37,0
DA:38,0
DA:41,0
DA:42,0
DA:43,0
DA:44,0
DA:45,0
DA:47,0
DA:48,0
DA:49,0
DA:50,0
LF:22
LH:0
end_of_record
SF:lib\ui\widgets\video_player\video_player.widget.dart
DA:12,0
DA:16,0
DA:18,0
DA:19,0
DA:29,0
DA:31,0
DA:32,0
DA:34,0
DA:35,0
DA:37,0
DA:40,0
DA:44,0
DA:45,0
DA:56,0
DA:58,0
DA:59,0
DA:60,0
DA:62,0
DA:65,0
DA:67,0
DA:68,0
LF:21
LH:0
end_of_record
SF:lib\ui\views\home\tabs\tabs\provas_anteriores_tab.view.dart
DA:27,0
DA:29,0
DA:30,0
DA:37,0
DA:39,0
DA:42,0
DA:44,0
DA:46,0
DA:47,0
DA:48,0
DA:49,0
DA:50,0
DA:54,0
DA:55,0
DA:56,0
DA:58,0
DA:65,0
DA:66,0
DA:68,0
DA:69,0
DA:72,0
DA:73,0
DA:75,0
DA:76,0
DA:77,0
DA:78,0
DA:79,0
DA:82,0
DA:83,0
DA:85,0
DA:89,0
DA:91,0
DA:105,0
DA:106,0
DA:107,0
DA:108,0
DA:109,0
DA:110,0
DA:115,0
DA:116,0
DA:117,0
DA:118,0
DA:119,0
DA:120,0
DA:121,0
DA:124,0
DA:126,0
DA:127,0
DA:128,0
DA:129,0
DA:130,0
DA:133,0
DA:135,0
DA:136,0
DA:141,0
DA:143,0
DA:144,0
DA:145,0
DA:146,0
DA:147,0
DA:148,0
DA:150,0
DA:151,0
DA:157,0
DA:161,0
DA:162,0
DA:163,0
DA:164,0
DA:165,0
DA:168,0
DA:169,0
DA:175,0
DA:176,0
DA:186,0
DA:188,0
DA:189,0
DA:190,0
DA:191,0
DA:192,0
DA:193,0
DA:195,0
DA:196,0
DA:202,0
DA:205,0
DA:208,0
DA:209,0
DA:213,0
DA:214,0
DA:220,0
DA:222,0
DA:224,0
DA:225,0
DA:229,0
DA:230,0
DA:231,0
DA:245,0
DA:246,0
DA:247,0
DA:248,0
DA:250,0
DA:253,0
DA:259,0
DA:263,0
DA:264,0
DA:266,0
DA:267,0
DA:268,0
DA:270,0
DA:272,0
DA:277,0
DA:280,0
DA:281,0
DA:284,0
DA:285,0
DA:290,0
DA:291,0
DA:292,0
DA:294,0
DA:295,0
DA:296,0
DA:298,0
DA:300,0
DA:303,0
DA:305,0
DA:309,0
DA:311,0
DA:315,0
DA:316,0
DA:319,0
DA:321,0
DA:326,0
DA:327,0
DA:328,0
DA:329,0
DA:331,0
DA:333,0
DA:336,0
DA:339,0
DA:341,0
DA:344,0
DA:345,0
DA:349,0
DA:351,0
DA:359,0
LF:144
LH:0
end_of_record
SF:lib\ui\views\home\home.view.util.dart
DA:7,0
DA:10,0
DA:11,0
DA:13,0
DA:14,0
DA:15,0
DA:16,0
DA:19,0
DA:20,0
DA:21,0
DA:22,0
DA:25,0
DA:29,0
DA:35,0
DA:36,0
DA:37,0
DA:38,0
DA:39,0
DA:49,0
DA:52,0
DA:53,0
DA:54,0
DA:56,0
DA:57,0
LF:24
LH:0
end_of_record
SF:lib\ui\views\home\tabs\tabs\prova_atual_tab.view.dart
DA:40,0
DA:41,0
DA:52,0
DA:54,0
DA:55,0
DA:58,0
DA:60,0
DA:62,0
DA:63,0
DA:64,0
DA:66,0
DA:67,0
DA:68,0
DA:72,0
DA:73,0
DA:74,0
DA:76,0
DA:83,0
DA:84,0
DA:86,0
DA:87,0
DA:88,0
DA:89,0
DA:90,0
DA:93,0
DA:94,0
DA:96,0
DA:100,0
DA:102,0
DA:116,0
DA:117,0
DA:118,0
DA:119,0
DA:120,0
DA:121,0
DA:126,0
DA:127,0
DA:128,0
DA:129,0
DA:130,0
DA:131,0
DA:132,0
DA:135,0
DA:137,0
DA:138,0
DA:139,0
DA:140,0
DA:143,0
DA:145,0
DA:146,0
DA:151,0
DA:153,0
DA:154,0
DA:155,0
DA:156,0
DA:157,0
DA:158,0
DA:160,0
DA:161,0
DA:167,0
DA:171,0
DA:172,0
DA:173,0
DA:174,0
DA:175,0
DA:178,0
DA:179,0
DA:185,0
DA:186,0
DA:196,0
DA:198,0
DA:199,0
DA:200,0
DA:201,0
DA:202,0
DA:203,0
DA:205,0
DA:206,0
DA:212,0
DA:215,0
DA:218,0
DA:219,0
DA:223,0
DA:224,0
DA:230,0
DA:232,0
DA:233,0
DA:234,0
DA:235,0
DA:247,0
DA:248,0
DA:249,0
DA:250,0
DA:252,0
DA:255,0
DA:256,0
DA:257,0
DA:263,0
DA:267,0
DA:268,0
DA:270,0
DA:271,0
DA:272,0
DA:274,0
DA:276,0
DA:281,0
DA:284,0
DA:285,0
DA:288,0
DA:289,0
DA:294,0
DA:295,0
DA:296,0
DA:298,0
DA:299,0
DA:300,0
DA:302,0
DA:304,0
DA:307,0
DA:309,0
DA:313,0
DA:315,0
DA:319,0
DA:320,0
DA:323,0
DA:325,0
DA:330,0
DA:331,0
DA:332,0
DA:333,0
DA:335,0
DA:337,0
DA:340,0
DA:343,0
DA:345,0
DA:348,0
DA:349,0
DA:353,0
DA:355,0
DA:363,0
DA:366,0
DA:368,0
DA:369,0
DA:373,0
DA:374,0
DA:378,0
DA:379,0
DA:383,0
DA:384,0
DA:388,0
DA:389,0
DA:393,0
DA:394,0
DA:395,0
DA:396,0
DA:397,0
DA:400,0
DA:402,0
DA:404,0
DA:408,0
DA:413,0
DA:416,0
DA:417,0
DA:419,0
DA:422,0
DA:423,0
DA:426,0
DA:428,0
DA:432,0
DA:434,0
DA:435,0
DA:437,0
DA:439,0
DA:440,0
DA:443,0
DA:444,0
DA:446,0
DA:457,0
DA:458,0
DA:461,0
DA:464,0
DA:465,0
DA:468,0
DA:469,0
DA:471,0
DA:476,0
DA:478,0
DA:479,0
DA:480,0
DA:484,0
DA:485,0
DA:486,0
DA:489,0
DA:490,0
DA:492,0
DA:493,0
DA:494,0
DA:505,0
DA:506,0
DA:507,0
DA:508,0
DA:511,0
DA:512,0
DA:513,0
DA:516,0
DA:517,0
DA:518,0
DA:519,0
DA:520,0
DA:524,0
DA:526,0
DA:533,0
DA:534,0
DA:539,0
DA:540,0
DA:542,0
DA:545,0
DA:546,0
DA:549,0
DA:555,0
DA:557,0
DA:558,0
DA:559,0
DA:560,0
DA:561,0
DA:565,0
DA:566,0
DA:567,0
DA:580,0
DA:583,0
DA:584,0
DA:592,0
DA:594,0
DA:599,0
DA:600,0
DA:601,0
DA:604,0
DA:605,0
DA:606,0
DA:611,0
DA:614,0
DA:615,0
DA:616,0
DA:617,0
DA:618,0
DA:620,0
DA:621,0
DA:622,0
DA:628,0
DA:634,0
DA:638,0
DA:642,0
DA:643,0
DA:644,0
DA:646,0
DA:648,0
DA:649,0
DA:655,0
DA:656,0
DA:657,0
DA:658,0
DA:660,0
DA:661,0
DA:663,0
DA:665,0
DA:675,0
DA:677,0
DA:678,0
DA:684,0
DA:687,0
DA:688,0
DA:690,0
DA:691,0
DA:693,0
DA:694,0
DA:699,0
DA:700,0
DA:702,0
DA:707,0
DA:710,0
DA:711,0
DA:714,0
DA:716,0
DA:717,0
DA:720,0
DA:721,0
DA:724,0
DA:728,0
DA:732,0
DA:734,0
DA:735,0
DA:736,0
DA:737,0
DA:738,0
DA:739,0
DA:740,0
DA:741,0
DA:744,0
DA:745,0
DA:747,0
DA:761,0
DA:762,0
DA:764,0
DA:767,0
DA:768,0
DA:771,0
DA:773,0
DA:774,0
DA:775,0
DA:776,0
DA:777,0
DA:781,0
DA:782,0
DA:783,0
LF:314
LH:0
end_of_record
SF:lib\ui\widgets\bases\base_tab.widget.dart
DA:14,0
DA:17,0
DA:19,0
DA:20,0
DA:23,0
DA:25,0
DA:26,0
DA:29,0
DA:31,0
DA:33,0
DA:34,0
DA:36,0
DA:41,0
DA:43,0
DA:44,0
LF:15
LH:0
end_of_record
SF:lib\ui\widgets\apresentacao\apresentacao.widget.dart
DA:22,0
DA:35,0
DA:36,0
DA:37,0
DA:40,0
DA:41,0
DA:42,0
DA:46,0
DA:48,0
DA:50,0
DA:51,0
DA:52,0
DA:53,0
DA:54,0
DA:56,0
DA:57,0
DA:58,0
DA:59,0
DA:61,0
DA:62,0
DA:63,0
DA:64,0
DA:66,0
DA:67,0
DA:68,0
DA:69,0
DA:70,0
DA:77,0
DA:78,0
DA:79,0
DA:80,0
DA:81,0
DA:85,0
DA:92,0
DA:100,0
DA:102,0
DA:103,0
DA:106,0
DA:107,0
DA:108,0
DA:109,0
DA:114,0
DA:121,0
DA:132,0
DA:138,0
DA:151,0
DA:163,0
DA:164,0
DA:165,0
DA:166,0
DA:167,0
DA:173,0
DA:174,0
DA:175,0
DA:182,0
DA:183,0
DA:184,0
DA:190,0
DA:191,0
DA:192,0
DA:200,0
DA:209,0
DA:210,0
DA:211,0
DA:212,0
DA:218,0
DA:219,0
DA:222,0
DA:227,0
DA:238,0
DA:240,0
DA:254,0
DA:255,0
DA:256,0
DA:259,0
DA:260,0
DA:262,0
DA:263,0
DA:264,0
DA:265,0
DA:266,0
DA:269,0
DA:272,0
DA:273,0
DA:274,0
DA:275,0
DA:276,0
DA:279,0
DA:281,0
DA:284,0
DA:285,0
DA:288,0
DA:290,0
DA:304,0
DA:305,0
DA:307,0
DA:309,0
DA:310,0
DA:311,0
DA:313,0
DA:314,0
DA:315,0
DA:316,0
DA:318,0
DA:320,0
DA:323,0
DA:325,0
DA:327,0
DA:328,0
DA:333,0
DA:335,0
DA:336,0
DA:337,0
DA:339,0
DA:340,0
DA:341,0
DA:342,0
DA:344,0
DA:346,0
DA:352,0
DA:353,0
DA:354,0
DA:356,0
DA:357,0
DA:358,0
DA:365,0
LF:126
LH:0
end_of_record
SF:lib\ui\widgets\apresentacao\apresentacao_contexto.widget.dart
DA:31,0
DA:44,0
DA:45,0
DA:46,0
DA:49,0
DA:51,0
DA:52,0
DA:53,0
DA:54,0
DA:55,0
DA:57,0
DA:58,0
DA:59,0
DA:60,0
DA:62,0
DA:63,0
DA:64,0
DA:65,0
DA:67,0
DA:68,0
DA:69,0
DA:70,0
DA:77,0
DA:78,0
DA:79,0
DA:80,0
DA:81,0
DA:85,0
DA:92,0
DA:99,0
DA:100,0
DA:101,0
DA:102,0
DA:108,0
DA:115,0
DA:126,0
DA:132,0
DA:134,0
DA:135,0
DA:136,0
DA:137,0
DA:138,0
DA:148,0
DA:159,0
DA:160,0
DA:161,0
DA:162,0
DA:163,0
DA:169,0
DA:170,0
DA:171,0
DA:178,0
DA:179,0
DA:180,0
DA:186,0
DA:187,0
DA:188,0
DA:197,0
DA:200,0
DA:202,0
DA:206,0
DA:207,0
DA:208,0
DA:209,0
DA:217,0
DA:218,0
DA:225,0
DA:232,0
DA:233,0
DA:235,0
DA:236,0
DA:237,0
DA:239,0
DA:244,0
DA:255,0
DA:257,0
DA:259,0
DA:260,0
DA:261,0
DA:262,0
DA:263,0
DA:274,0
DA:275,0
DA:276,0
DA:279,0
DA:280,0
DA:282,0
DA:283,0
DA:284,0
DA:285,0
DA:286,0
DA:289,0
DA:292,0
DA:293,0
DA:294,0
DA:295,0
DA:296,0
DA:299,0
DA:301,0
DA:304,0
DA:305,0
DA:308,0
DA:310,0
DA:324,0
DA:325,0
DA:327,0
DA:329,0
DA:330,0
DA:331,0
DA:333,0
DA:334,0
DA:335,0
DA:336,0
DA:338,0
DA:340,0
DA:343,0
DA:345,0
DA:347,0
DA:348,0
DA:353,0
DA:355,0
DA:356,0
DA:357,0
DA:359,0
DA:360,0
DA:361,0
DA:362,0
DA:364,0
DA:366,0
DA:373,0
DA:374,0
DA:375,0
DA:377,0
DA:378,0
DA:379,0
DA:386,0
LF:136
LH:0
end_of_record
SF:lib\ui\views\prova\widgets\questao_aluno.widget.dart
DA:35,0
DA:42,0
DA:44,0
DA:46,0
DA:47,0
DA:48,0
DA:49,0
DA:50,0
DA:51,0
DA:52,0
DA:53,0
DA:54,0
DA:55,0
DA:56,0
DA:59,0
DA:60,0
DA:61,0
DA:62,0
DA:66,0
DA:69,0
DA:70,0
DA:72,0
DA:75,0
DA:79,0
DA:80,0
DA:81,0
DA:82,0
DA:83,0
DA:84,0
DA:85,0
DA:86,0
DA:87,0
DA:90,0
DA:91,0
DA:92,0
DA:93,0
DA:98,0
DA:101,0
DA:102,0
DA:104,0
DA:107,0
DA:111,0
DA:112,0
DA:113,0
DA:119,0
DA:120,0
DA:122,0
DA:125,0
DA:127,0
DA:128,0
DA:129,0
DA:130,0
DA:131,0
DA:132,0
DA:133,0
DA:135,0
DA:137,0
DA:138,0
DA:139,0
DA:143,0
DA:145,0
DA:146,0
DA:147,0
DA:149,0
DA:150,0
DA:152,0
DA:155,0
DA:156,0
DA:157,0
DA:160,0
DA:161,0
DA:162,0
DA:164,0
DA:165,0
DA:166,0
DA:183,0
DA:184,0
DA:185,0
DA:186,0
DA:187,0
DA:188,0
DA:191,0
DA:195,0
DA:196,0
DA:198,0
DA:199,0
DA:201,0
DA:202,0
DA:203,0
DA:204,0
DA:206,0
DA:208,0
DA:209,0
DA:210,0
DA:211,0
DA:212,0
DA:213,0
DA:214,0
DA:216,0
DA:217,0
DA:220,0
DA:222,0
DA:223,0
DA:228,0
DA:236,0
DA:241,0
DA:245,0
DA:253,0
DA:254,0
DA:256,0
DA:257,0
DA:266,0
DA:267,0
DA:268,0
DA:270,0
DA:271,0
DA:272,0
DA:273,0
DA:274,0
DA:276,0
DA:278,0
DA:283,0
DA:284,0
DA:286,0
DA:287,0
DA:288,0
DA:289,0
DA:290,0
DA:292,0
DA:293,0
DA:295,0
DA:296,0
DA:299,0
DA:300,0
DA:304,0
DA:305,0
DA:306,0
DA:307,0
DA:309,0
DA:312,0
DA:313,0
DA:314,0
DA:315,0
DA:316,0
DA:317,0
DA:318,0
DA:321,0
DA:322,0
DA:323,0
DA:324,0
DA:325,0
DA:326,0
DA:327,0
DA:328,0
DA:329,0
LF:155
LH:0
end_of_record
SF:lib\ui\views\prova\widgets\tempo_execucao.widget.dart
DA:12,0
DA:15,0
DA:17,0
DA:19,0
DA:20,0
DA:23,0
DA:24,0
DA:25,0
DA:26,0
DA:29,0
DA:30,0
DA:31,0
DA:32,0
DA:33,0
DA:36,0
DA:37,0
DA:38,0
DA:41,0
DA:42,0
DA:43,0
DA:44,0
DA:45,0
DA:48,0
DA:49,0
DA:50,0
LF:25
LH:0
end_of_record
SF:lib\utils\file.util.dart
DA:3,0
DA:4,0
DA:6,0
DA:7,0
LF:4
LH:0
end_of_record
SF:lib\utils\idb_file.util.dart
DA:15,0
DA:19,0
DA:20,0
DA:23,0
DA:27,0
DA:28,0
DA:29,0
DA:30,0
DA:31,0
DA:32,0
DA:36,0
DA:37,0
DA:38,0
DA:39,0
DA:40,0
DA:41,0
DA:43,0
DA:45,0
DA:48,0
DA:49,0
DA:50,0
DA:51,0
DA:52,0
DA:53,0
DA:55,0
DA:57,0
DA:60,0
DA:61,0
DA:62,0
DA:63,0
DA:64,0
DA:65,0
DA:66,0
DA:69,0
DA:70,0
DA:71,0
DA:72,0
DA:73,0
DA:74,0
DA:75,0
DA:78,0
DA:79,0
DA:80,0
DA:81,0
DA:82,0
DA:83,0
LF:46
LH:0
end_of_record
SF:lib\ui\widgets\barras\barra_progresso.widget.dart
DA:8,3
DA:16,0
DA:22,0
DA:24,0
DA:26,0
DA:28,0
DA:32,0
DA:36,0
DA:37,0
DA:39,0
DA:40,0
DA:41,0
DA:43,0
DA:46,0
DA:49,0
DA:50,0
DA:54,0
DA:57,0
DA:59,0
DA:60,0
DA:61,0
DA:62,0
DA:71,0
DA:72,0
DA:76,0
DA:77,0
DA:85,0
DA:86,0
DA:87,0
LF:29
LH:1
end_of_record
SF:lib\ui\widgets\appbar\popup_submenu_item.dart
DA:12,0
DA:22,0
DA:25,0
DA:28,0
DA:29,0
DA:34,0
DA:36,0
DA:37,0
DA:38,0
DA:40,0
DA:43,0
DA:44,0
DA:45,0
DA:47,0
DA:50,0
DA:55,0
DA:56,0
DA:57,0
DA:60,0
DA:61,0
DA:62,0
DA:64,0
DA:68,0
DA:69,0
DA:70,0
DA:71,0
DA:73,0
DA:74,0
DA:77,0
LF:29
LH:0
end_of_record
SF:lib\workers\jobs.enum.dart
DA:1,0
DA:6,3
DA:10,0
DA:11,0
DA:12,0
LF:5
LH:1
end_of_record
SF:lib\workers\jobs\finalizar_prova_pendente.job.dart
DA:18,0
DA:20,0
DA:21,0
DA:24,0
DA:31,0
DA:32,0
DA:34,0
DA:36,0
DA:38,0
DA:40,0
DA:41,0
DA:42,0
DA:46,0
DA:49,0
DA:50,0
DA:51,0
DA:52,0
DA:53,0
DA:54,0
DA:58,0
DA:59,0
DA:62,0
DA:65,0
DA:67,0
DA:70,0
LF:25
LH:0
end_of_record
SF:lib\workers\jobs\remover_provas.job.dart
DA:10,0
DA:12,0
DA:13,0
DA:20,0
DA:21,0
DA:23,0
DA:25,0
DA:26,0
DA:28,0
DA:29,0
DA:31,0
LF:11
LH:0
end_of_record
SF:lib\workers\jobs\sincronizar_respostas.job.dart
DA:16,0
DA:18,0
DA:19,0
DA:22,0
DA:29,0
DA:30,0
DA:32,0
DA:34,0
DA:35,0
DA:37,0
DA:38,0
DA:39,0
DA:44,0
DA:45,0
DA:46,0
DA:47,0
DA:48,0
DA:49,0
DA:50,0
DA:52,0
DA:54,0
DA:57,0
DA:58,0
DA:62,0
DA:63,0
DA:64,0
DA:66,0
DA:70,0
DA:73,0
DA:76,0
DA:77,0
DA:78,0
LF:32
LH:0
end_of_record
SF:lib\ui\widgets\audio_player\audio_player.controller.dart
DA:37,0
DA:38,0
DA:39,0
DA:40,0
DA:41,0
DA:46,0
DA:47,0
DA:52,0
DA:53,0
DA:58,0
DA:59,0
DA:60,0
DA:61,0
DA:65,0
DA:66,0
DA:67,0
DA:68,0
DA:72,0
DA:73,0
DA:74,0
DA:75,0
DA:79,0
DA:80,0
DA:81,0
DA:83,0
DA:84,0
DA:85,0
DA:86,0
DA:87,0
DA:90,0
DA:91,0
DA:95,0
DA:96,0
DA:97,0
DA:98,0
DA:102,0
DA:103,0
DA:104,0
DA:107,0
DA:109,0
DA:110,0
DA:112,0
DA:115,0
DA:117,0
DA:118,0
DA:120,0
LF:46
LH:0
end_of_record
SF:lib\ui\widgets\audio_player\audio_player.controller.g.dart
DA:15,0
DA:17,0
DA:18,0
DA:21,0
DA:23,0
DA:24,0
DA:31,0
DA:33,0
DA:34,0
DA:37,0
DA:39,0
DA:40,0
DA:47,0
DA:49,0
DA:50,0
DA:53,0
DA:55,0
DA:56,0
DA:63,0
DA:65,0
DA:66,0
DA:69,0
DA:71,0
DA:72,0
DA:79,0
DA:81,0
DA:82,0
DA:85,0
DA:87,0
DA:88,0
DA:95,0
DA:97,0
DA:103,0
DA:105,0
DA:111,0
DA:113,0
DA:119,0
DA:121,0
DA:127,0
DA:129,0
DA:135,0
DA:137,0
DA:143,0
DA:145,0
DA:146,0
DA:148,0
DA:150,0
DA:154,0
DA:157,0
DA:158,0
DA:159,0
DA:160,0
DA:161,0
LF:53
LH:0
end_of_record
SF:lib\workers\jobs\baixar_prova.job.dart
DA:20,1
DA:22,2
DA:23,1
DA:27,3
DA:32,3
DA:34,2
DA:36,1
DA:40,1
DA:41,7
DA:43,2
DA:44,4
DA:46,4
DA:48,1
DA:49,0
DA:54,0
DA:57,0
DA:58,0
DA:59,0
DA:60,0
DA:64,0
DA:65,0
DA:69,0
DA:70,0
DA:71,0
DA:72,0
DA:76,4
DA:77,2
DA:78,4
DA:79,5
DA:82,2
DA:83,4
DA:84,4
DA:85,2
DA:87,2
DA:89,2
DA:91,2
DA:94,0
DA:98,1
DA:99,1
DA:100,1
DA:101,1
DA:102,1
DA:103,1
DA:104,1
DA:105,1
DA:106,1
DA:107,1
DA:108,1
DA:109,1
DA:110,1
DA:111,1
DA:112,1
DA:113,1
DA:116,5
LF:54
LH:41
end_of_record
SF:lib\utils\idb\idb_factory_io.dart
DA:8,0
LF:1
LH:0
end_of_record
SF:lib\utils\provas.util.dart
DA:5,0
DA:6,0
DA:8,0
DA:10,0
DA:11,0
DA:13,0
DA:16,1
DA:17,2
DA:18,3
DA:19,1
DA:22,1
LF:11
LH:5
end_of_record
SF:lib\utils\timer.util.dart
DA:3,0
DA:4,0
DA:6,0
DA:7,0
DA:9,0
DA:14,0
LF:6
LH:0
end_of_record
SF:lib\utils\universal\app.util.dart
DA:8,0
DA:9,0
DA:12,0
DA:13,0
DA:15,0
DA:16,0
DA:19,0
DA:20,0
DA:23,0
DA:24,0
DA:26,0
DA:27,0
DA:31,0
DA:33,0
LF:14
LH:0
end_of_record
